#
# A fatal error has been detected by the Java Runtime Environment:
#
#  EXCEPTION_ACCESS_VIOLATION (0xc0000005) at pc=0x0000000053b569f0, pid=9148, tid=0x00000000000021b8
#
# JRE version: OpenJDK Runtime Environment (8.0_76-b03) (build 1.8.0_76-release-b03)
# Java VM: OpenJDK 64-Bit Server VM (25.76-b03 mixed mode windows-amd64 compressed oops)
# Problematic frame:
# V  [jvm.dll+0x4669f0]
#
# Failed to write core dump. Minidumps are not enabled by default on client versions of Windows
#
# If you would like to submit a bug report, please visit:
#   http://bugreport.java.com/bugreport/crash.jsp
#

---------------  T H R E A D  ---------------

Current thread (0x0000000014a37000):  JavaThread "C2 CompilerThread0" daemon [_thread_in_native, id=8632, stack(0x0000000015ca0000,0x0000000015da0000)]

siginfo: ExceptionCode=0xc0000005, reading address 0xffffffffffffffff

Registers:
RAX=0x0000000000000000, RBX=0x00000000182fc390, RCX=0x8000000053eaa418, RDX=0x0000000000000000
RSP=0x0000000015d9c520, RBP=0x000000000000003a, RSI=0x00000000000001d0, RDI=0x0000000015d9c570
R8 =0x0000000000080000, R9 =0x0000000016e515e0, R10=0x00000000536f0000, R11=0x0000000015d9c440
R12=0x0000000053eaa418, R13=0x00000000536f0000, R14=0x0000000014aa1398, R15=0x00000000000003d8
RIP=0x0000000053b569f0, EFLAGS=0x0000000000010246

Top of Stack: (sp=0x0000000015d9c520)
0x0000000015d9c520:   0000000015d9ed00 000000001823d5d0
0x0000000015d9c530:   fffffffffffffff8 0000000014a20f70
0x0000000015d9c540:   00000000000026d3 0000000053b51abf
0x0000000015d9c550:   00000000182fbf30 00000000182fc390
0x0000000015d9c560:   00000000000026d3 0000000015d9c650
0x0000000015d9c570:   000026d700000000 0000000000000007
0x0000000015d9c580:   8000000053eaa418 0000000000000027
0x0000000015d9c590:   0000000017a4c270 000000000000003c
0x0000000015d9c5a0:   00000000182fc430 0000000015d9c940
0x0000000015d9c5b0:   0000000014aa0fc0 0000000015d9c940
0x0000000015d9c5c0:   0000000014aa0fb0 0000000053b1ecc1
0x0000000015d9c5d0:   0000000000000000 0000000015d9c6d0
0x0000000015d9c5e0:   0000000000000000 000000000000000b
0x0000000015d9c5f0:   0000000000000002 0000000014aa0fb0
0x0000000015d9c600:   00000000185a8050 00000000185a99e0
0x0000000015d9c610:   00000000185b0038 00000000011543d8 

Instructions: (pc=0x0000000053b569f0)
0x0000000053b569d0:   48 8b 4f 20 48 39 04 0e 0f 84 9d 00 00 00 48 8b
0x0000000053b569e0:   0c 0e 33 d2 33 c0 48 89 4f 10 66 0f 1f 44 00 00
0x0000000053b569f0:   83 3c 08 00 0f 85 36 01 00 00 ff c2 48 83 c0 04
0x0000000053b56a00:   83 fa 08 72 eb 48 8b 47 30 48 89 44 24 30 48 85 


Register to memory mapping:

RAX=0x0000000000000000 is an unknown value
RBX=0x00000000182fc390 is an unknown value
RCX=0x8000000053eaa418 is an unknown value
RDX=0x0000000000000000 is an unknown value
RSP=0x0000000015d9c520 is pointing into the stack for thread: 0x0000000014a37000
RBP=0x000000000000003a is an unknown value
RSI=0x00000000000001d0 is an unknown value
RDI=0x0000000015d9c570 is pointing into the stack for thread: 0x0000000014a37000
R8 =0x0000000000080000 is an unknown value
R9 =0x0000000016e515e0 is an unknown value
R10=0x00000000536f0000 is an unknown value
R11=0x0000000015d9c440 is pointing into the stack for thread: 0x0000000014a37000
R12=0x0000000053eaa418 is an unknown value
R13=0x00000000536f0000 is an unknown value
R14=0x0000000014aa1398 is an unknown value
R15=0x00000000000003d8 is an unknown value


Stack: [0x0000000015ca0000,0x0000000015da0000],  sp=0x0000000015d9c520,  free space=1009k
Native frames: (J=compiled Java code, j=interpreted, Vv=VM code, C=native code)
V  [jvm.dll+0x4669f0]
V  [jvm.dll+0x461abf]
V  [jvm.dll+0x42ecc1]
V  [jvm.dll+0x43931b]
V  [jvm.dll+0x43badf]
V  [jvm.dll+0x41f212]
V  [jvm.dll+0x806e9]
V  [jvm.dll+0x8101f]
V  [jvm.dll+0x21bc14]
V  [jvm.dll+0x26b60a]
C  [msvcr100.dll+0x21d9f]
C  [msvcr100.dll+0x21e3b]
C  [KERNEL32.DLL+0x167e]
C  [ntdll.dll+0x1c3f1]


Current CompileTask:
C2:   5751 1398   !   4       com.android.dx.cf.cst.ConstantPoolParser::parse0 (731 bytes)


---------------  P R O C E S S  ---------------

Java Threads: ( => current thread )
  0x0000000016317800 JavaThread "pool-2-thread-4" [_thread_blocked, id=9092, stack(0x00000000168a0000,0x00000000169a0000)]
  0x0000000016316800 JavaThread "pool-2-thread-3" [_thread_in_Java, id=7540, stack(0x00000000167a0000,0x00000000168a0000)]
  0x0000000016316000 JavaThread "pool-2-thread-2" [_thread_blocked, id=2088, stack(0x00000000166a0000,0x00000000167a0000)]
  0x0000000016313800 JavaThread "pool-3-thread-1" [_thread_blocked, id=8136, stack(0x00000000165a0000,0x00000000166a0000)]
  0x000000001630f000 JavaThread "pool-2-thread-1" [_thread_blocked, id=3188, stack(0x00000000164a0000,0x00000000165a0000)]
  0x0000000014a98000 JavaThread "Service Thread" daemon [_thread_blocked, id=8792, stack(0x0000000015ea0000,0x0000000015fa0000)]
  0x0000000014a3a000 JavaThread "C1 CompilerThread1" daemon [_thread_blocked, id=1056, stack(0x0000000015da0000,0x0000000015ea0000)]
=>0x0000000014a37000 JavaThread "C2 CompilerThread0" daemon [_thread_in_native, id=8632, stack(0x0000000015ca0000,0x0000000015da0000)]
  0x0000000014a35800 JavaThread "Attach Listener" daemon [_thread_blocked, id=2552, stack(0x0000000015ba0000,0x0000000015ca0000)]
  0x0000000014a32000 JavaThread "Signal Dispatcher" daemon [_thread_blocked, id=2236, stack(0x0000000015aa0000,0x0000000015ba0000)]
  0x0000000014a1d800 JavaThread "Finalizer" daemon [_thread_blocked, id=3600, stack(0x0000000015670000,0x0000000015770000)]
  0x00000000149f3800 JavaThread "Reference Handler" daemon [_thread_blocked, id=9096, stack(0x0000000015570000,0x0000000015670000)]
  0x00000000024b0800 JavaThread "main" [_thread_blocked, id=4840, stack(0x0000000001fe0000,0x00000000020e0000)]

Other Threads:
  0x00000000149ec000 VMThread [stack: 0x0000000015470000,0x0000000015570000] [id=8656]
  0x0000000014a9b000 WatcherThread [stack: 0x0000000015fa0000,0x00000000160a0000] [id=5452]

VM state:synchronizing (normal execution)

VM Mutex/Monitor currently owned by a thread:  ([mutex/lock_event])
[0x00000000021cc2b0] Safepoint_lock - owner thread: 0x00000000149ec000
[0x00000000021cc230] Threads_lock - owner thread: 0x00000000149ec000

Heap:
 PSYoungGen      total 18432K, used 17843K [0x00000000eab00000, 0x00000000ebf80000, 0x0000000100000000)
  eden space 15872K, 96% used [0x00000000eab00000,0x00000000eb9f4f10,0x00000000eba80000)
  from space 2560K, 98% used [0x00000000ebd00000,0x00000000ebf78018,0x00000000ebf80000)
  to   space 2560K, 0% used [0x00000000eba80000,0x00000000eba80000,0x00000000ebd00000)
 ParOldGen       total 42496K, used 2212K [0x00000000c0000000, 0x00000000c2980000, 0x00000000eab00000)
  object space 42496K, 5% used [0x00000000c0000000,0x00000000c02292e8,0x00000000c2980000)
 Metaspace       used 5965K, capacity 7024K, committed 7296K, reserved 1056768K
  class space    used 564K, capacity 616K, committed 640K, reserved 1048576K

Card table byte_map: [0x0000000011970000,0x0000000011b80000] byte_map_base: 0x0000000011370000

Marking Bits: (ParMarkBitMap*) 0x0000000053ea9d00
 Begin Bits: [0x0000000011ee0000, 0x0000000012ee0000)
 End Bits:   [0x0000000012ee0000, 0x0000000013ee0000)

Polling page: 0x0000000000840000

CodeCache: size=245760Kb used=5834Kb max_used=5834Kb free=239926Kb
 bounds [0x00000000025b0000, 0x0000000002b70000, 0x00000000115b0000]
 total_blobs=1678 nmethods=1417 adapters=176
 compilation: enabled

Compilation events (10 events):
Event: 5.113 Thread 0x0000000014a3a000 1417       3       com.android.dx.dex.code.BlockAddresses::<init> (44 bytes)
Event: 5.113 Thread 0x0000000014a3a000 nmethod 1417 0x0000000002b62e10 code [0x0000000002b62fa0, 0x0000000002b634b8]
Event: 5.114 Thread 0x0000000014a3a000 1420       3       com.android.dx.cf.direct.FieldListParser::set (30 bytes)
Event: 5.115 Thread 0x0000000014a3a000 nmethod 1420 0x0000000002b63690 code [0x0000000002b63880, 0x0000000002b64318]
Event: 5.164 Thread 0x0000000014a3a000 1421       3       com.android.dx.cf.iface.StdFieldList::get (9 bytes)
Event: 5.164 Thread 0x0000000014a3a000 nmethod 1421 0x0000000002b64b90 code [0x0000000002b64d00, 0x0000000002b65008]
Event: 5.164 Thread 0x0000000014a3a000 1423       3       com.android.dx.cf.code.RopperMachine::updateReturnOp (115 bytes)
Event: 5.166 Thread 0x0000000014a3a000 nmethod 1423 0x0000000002b650d0 code [0x0000000002b65360, 0x0000000002b66598]
Event: 5.166 Thread 0x0000000014a3a000 1422       3       com.android.dx.dex.file.EncodedField::<init> (25 bytes)
Event: 5.167 Thread 0x0000000014a3a000 nmethod 1422 0x0000000002b66dd0 code [0x0000000002b66f60, 0x0000000002b67288]

GC Heap History (4 events):
Event: 2.003 GC heap before
{Heap before GC invocations=1 (full 0):
 PSYoungGen      total 18432K, used 15872K [0x00000000eab00000, 0x00000000ebf80000, 0x0000000100000000)
  eden space 15872K, 100% used [0x00000000eab00000,0x00000000eba80000,0x00000000eba80000)
  from space 2560K, 0% used [0x00000000ebd00000,0x00000000ebd00000,0x00000000ebf80000)
  to   space 2560K, 0% used [0x00000000eba80000,0x00000000eba80000,0x00000000ebd00000)
 ParOldGen       total 42496K, used 0K [0x00000000c0000000, 0x00000000c2980000, 0x00000000eab00000)
  object space 42496K, 0% used [0x00000000c0000000,0x00000000c0000000,0x00000000c2980000)
 Metaspace       used 5342K, capacity 6448K, committed 6528K, reserved 1056768K
  class space    used 558K, capacity 616K, committed 640K, reserved 1048576K
Event: 2.014 GC heap after
Heap after GC invocations=1 (full 0):
 PSYoungGen      total 18432K, used 2555K [0x00000000eab00000, 0x00000000ebf80000, 0x0000000100000000)
  eden space 15872K, 0% used [0x00000000eab00000,0x00000000eab00000,0x00000000eba80000)
  from space 2560K, 99% used [0x00000000eba80000,0x00000000ebcfeda8,0x00000000ebd00000)
  to   space 2560K, 0% used [0x00000000ebd00000,0x00000000ebd00000,0x00000000ebf80000)
 ParOldGen       total 42496K, used 756K [0x00000000c0000000, 0x00000000c2980000, 0x00000000eab00000)
  object space 42496K, 1% used [0x00000000c0000000,0x00000000c00bd218,0x00000000c2980000)
 Metaspace       used 5342K, capacity 6448K, committed 6528K, reserved 1056768K
  class space    used 558K, capacity 616K, committed 640K, reserved 1048576K
}
Event: 3.043 GC heap before
{Heap before GC invocations=2 (full 0):
 PSYoungGen      total 18432K, used 18427K [0x00000000eab00000, 0x00000000ebf80000, 0x0000000100000000)
  eden space 15872K, 100% used [0x00000000eab00000,0x00000000eba80000,0x00000000eba80000)
  from space 2560K, 99% used [0x00000000eba80000,0x00000000ebcfeda8,0x00000000ebd00000)
  to   space 2560K, 0% used [0x00000000ebd00000,0x00000000ebd00000,0x00000000ebf80000)
 ParOldGen       total 42496K, used 756K [0x00000000c0000000, 0x00000000c2980000, 0x00000000eab00000)
  object space 42496K, 1% used [0x00000000c0000000,0x00000000c00bd218,0x00000000c2980000)
 Metaspace       used 5850K, capacity 6896K, committed 7040K, reserved 1056768K
  class space    used 564K, capacity 616K, committed 640K, reserved 1048576K
Event: 3.057 GC heap after
Heap after GC invocations=2 (full 0):
 PSYoungGen      total 18432K, used 2528K [0x00000000eab00000, 0x00000000ebf80000, 0x0000000100000000)
  eden space 15872K, 0% used [0x00000000eab00000,0x00000000eab00000,0x00000000eba80000)
  from space 2560K, 98% used [0x00000000ebd00000,0x00000000ebf78018,0x00000000ebf80000)
  to   space 2560K, 0% used [0x00000000eba80000,0x00000000eba80000,0x00000000ebd00000)
 ParOldGen       total 42496K, used 2212K [0x00000000c0000000, 0x00000000c2980000, 0x00000000eab00000)
  object space 42496K, 5% used [0x00000000c0000000,0x00000000c02292e8,0x00000000c2980000)
 Metaspace       used 5850K, capacity 6896K, committed 7040K, reserved 1056768K
  class space    used 564K, capacity 616K, committed 640K, reserved 1048576K
}

Deoptimization events (10 events):
Event: 2.069 Thread 0x0000000016317800 Uncommon trap: reason=unstable_if action=reinterpret pc=0x000000000281897c method=java.util.HashMap.getNode(ILjava/lang/Object;)Ljava/util/HashMap$Node; @ 62
Event: 2.563 Thread 0x0000000016317800 Uncommon trap: reason=bimorphic action=maybe_recompile pc=0x0000000002821de4 method=java.util.HashMap.getNode(ILjava/lang/Object;)Ljava/util/HashMap$Node; @ 126
Event: 2.736 Thread 0x0000000016316000 Uncommon trap: reason=unstable_if action=reinterpret pc=0x00000000029dcc3c method=com.android.dx.rop.code.LocalItem.hashCode()I @ 25
Event: 2.736 Thread 0x0000000016316000 Uncommon trap: reason=unstable_if action=reinterpret pc=0x000000000297e958 method=com.android.dx.rop.code.LocalItem.hashCode()I @ 25
Event: 2.737 Thread 0x0000000016316000 Uncommon trap: reason=unstable_if action=reinterpret pc=0x00000000029fefdc method=com.android.dx.rop.code.RegisterSpecSet.put(Lcom/android/dx/rop/code/RegisterSpec;)V @ 77
Event: 2.778 Thread 0x000000001630f000 Uncommon trap: reason=unstable_if action=reinterpret pc=0x00000000029898e0 method=com.android.dx.rop.code.RegisterSpec.equals(ILcom/android/dx/rop/type/TypeBearer;Lcom/android/dx/rop/code/LocalItem;)Z @ 42
Event: 2.904 Thread 0x000000001630f000 Uncommon trap: reason=bimorphic action=maybe_recompile pc=0x0000000002821de4 method=java.util.HashMap.getNode(ILjava/lang/Object;)Ljava/util/HashMap$Node; @ 126
Event: 3.235 Thread 0x0000000016316000 Uncommon trap: reason=unstable_if action=reinterpret pc=0x0000000002956d34 method=com.android.dx.rop.code.LocalItem.hashCode()I @ 25
Event: 4.390 Thread 0x0000000016316000 Uncommon trap: reason=unstable_if action=reinterpret pc=0x0000000002821da8 method=java.util.HashMap.getNode(ILjava/lang/Object;)Ljava/util/HashMap$Node; @ 62
Event: 5.095 Thread 0x0000000016317800 Uncommon trap: reason=null_check action=make_not_entrant pc=0x0000000002b3b1a0 method=com.android.dx.ssa.SsaRenamer.getLocalForNewReg(I)Lcom/android/dx/rop/code/LocalItem; @ 19

Internal exceptions (3 events):
Event: 0.047 Thread 0x00000000024b0800 Exception <a 'java/lang/NoSuchMethodError': Method sun.misc.Unsafe.defineClass(Ljava/lang/String;[BII)Ljava/lang/Class; name or signature does not match> (0x00000000eab07cc0) thrown at [C:\src\android\AOSP-openjdk\external\jetbrains\jdk\hotspot\src\share\vïO–Y®?
Event: 0.047 Thread 0x00000000024b0800 Exception <a 'java/lang/NoSuchMethodError': Method sun.misc.Unsafe.prefetchRead(Ljava/lang/Object;J)V name or signature does not match> (0x00000000eab07fa8) thrown at [C:\src\android\AOSP-openjdk\external\jetbrains\jdk\hotspot\src\share\vm\prims\jni.cpp, lêa∂….a@
Event: 5.095 Thread 0x0000000016317800 Implicit null exception at 0x0000000002b3a4a8 to 0x0000000002b3b155

Events (10 events):
Event: 3.235 Thread 0x0000000016316000 DEOPT PACKING pc=0x0000000002956d34 sp=0x000000001679e690
Event: 3.235 Thread 0x0000000016316000 DEOPT UNPACKING pc=0x00000000025f556a sp=0x000000001679e250 mode 2
Event: 4.216 Executing VM operation: EnableBiasedLocking
Event: 4.230 Executing VM operation: EnableBiasedLocking done
Event: 4.390 Thread 0x0000000016316000 Uncommon trap: trap_request=0xffffff65 fr.pc=0x0000000002821da8
Event: 4.390 Thread 0x0000000016316000 DEOPT PACKING pc=0x0000000002821da8 sp=0x000000001679e790
Event: 4.390 Thread 0x0000000016316000 DEOPT UNPACKING pc=0x00000000025f556a sp=0x000000001679e6a0 mode 2
Event: 5.095 Thread 0x0000000016317800 Uncommon trap: trap_request=0xfffffff4 fr.pc=0x0000000002b3b1a0
Event: 5.095 Thread 0x0000000016317800 DEOPT PACKING pc=0x0000000002b3b1a0 sp=0x000000001699ecf0
Event: 5.095 Thread 0x0000000016317800 DEOPT UNPACKING pc=0x00000000025f556a sp=0x000000001699eae8 mode 2


Dynamic libraries:
0x000007f638e60000 - 0x000007f638e91000 	C:\Program Files\Android\Android Studio\jre\bin\java.exe
0x000007feeaa50000 - 0x000007feeac0e000 	C:\Windows\SYSTEM32\ntdll.dll
0x000007fee81b0000 - 0x000007fee82e6000 	C:\Windows\system32\KERNEL32.DLL
0x000007fecf000000 - 0x000007fecf012000 	C:\Program Files\AVAST Software\Avast\aswhook.dll
0x000007fee7dc0000 - 0x000007fee7eb3000 	C:\Windows\system32\KERNELBASE.dll
0x000007fee9fd0000 - 0x000007feea0ae000 	C:\Windows\system32\ADVAPI32.dll
0x000007feea100000 - 0x000007feea24c000 	C:\Windows\system32\USER32.dll
0x000007fee4540000 - 0x000007fee47a9000 	C:\Windows\WinSxS\amd64_microsoft.windows.common-controls_6595b64144ccf1df_6.0.9200.16384_none_418c2a697189c07f\COMCTL32.dll
0x000007feea3c0000 - 0x000007feea465000 	C:\Windows\system32\msvcrt.dll
0x000007feea0b0000 - 0x000007feea0f8000 	C:\Windows\SYSTEM32\sechost.dll
0x000007fee86f0000 - 0x000007fee8830000 	C:\Windows\system32\RPCRT4.dll
0x000007fee8590000 - 0x000007fee86d0000 	C:\Windows\system32\GDI32.dll
0x000007fee8160000 - 0x000007fee8199000 	C:\Windows\system32\IMM32.DLL
0x000007fee9eb0000 - 0x000007fee9fc4000 	C:\Windows\system32\MSCTF.dll
0x0000000053530000 - 0x0000000053602000 	C:\Program Files\Android\Android Studio\jre\jre\bin\msvcr100.dll
0x00000000536f0000 - 0x0000000053f24000 	C:\Program Files\Android\Android Studio\jre\jre\bin\server\jvm.dll
0x000007fee2460000 - 0x000007fee2469000 	C:\Windows\SYSTEM32\WSOCK32.dll
0x000007fee33d0000 - 0x000007fee33f0000 	C:\Windows\SYSTEM32\WINMM.dll
0x000007fee2800000 - 0x000007fee2809000 	C:\Windows\SYSTEM32\VERSION.dll
0x000007feea850000 - 0x000007feea857000 	C:\Windows\system32\PSAPI.DLL
0x000007feea470000 - 0x000007feea4c8000 	C:\Windows\system32\WS2_32.dll
0x000007fee3390000 - 0x000007fee33c2000 	C:\Windows\SYSTEM32\WINMMBASE.dll
0x000007fee81a0000 - 0x000007fee81a9000 	C:\Windows\system32\NSI.dll
0x000007fedfb10000 - 0x000007fedfb1f000 	C:\Program Files\Android\Android Studio\jre\jre\bin\verify.dll
0x000007fed2230000 - 0x000007fed2259000 	C:\Program Files\Android\Android Studio\jre\jre\bin\java.dll
0x000007fedfaf0000 - 0x000007fedfb06000 	C:\Program Files\Android\Android Studio\jre\jre\bin\zip.dll
0x000007fee8990000 - 0x000007fee9c75000 	C:\Windows\system32\SHELL32.dll
0x000007feea4d0000 - 0x000007feea680000 	C:\Windows\SYSTEM32\combase.dll
0x000007feeaa00000 - 0x000007feeaa50000 	C:\Windows\system32\SHLWAPI.dll
0x000007fee5f60000 - 0x000007fee5ff6000 	C:\Windows\SYSTEM32\SHCORE.dll
0x000007fee7980000 - 0x000007fee7995000 	C:\Windows\SYSTEM32\profapi.dll
0x000007fee1610000 - 0x000007fee1773000 	C:\Windows\SYSTEM32\dbghelp.dll

VM Arguments:
jvm_args: -Djava.awt.headless=true -Xmx1024M -Dfile.encoding=windows-1252 -Duser.country=FR -Duser.language=fr -Duser.variant 
java_command: com.android.dx.command.Main --dex --force-jumbo --num-threads=4 --multi-dex --output C:\Users\Hassane\AndroidStudioProjects\LastTP\app\build\intermediates\transforms\dex\debug\folders\1000\10\com.android.support-appcompat-v7-24.2.1_c39e9a6bf19dc6b001ff47942c4271e1377d177c C:\Users\Hassane\AndroidStudioProjects\LastTP\app\build\intermediates\exploded-aar\com.android.support\appcompat-v7\24.2.1\jars\classes.jar
java_class_path (initial): C:\Users\Hassane\AppData\Local\Android\sdk\build-tools\24.0.3\lib\dx.jar
Launcher Type: SUN_STANDARD

Environment Variables:
PATH=C:\ProgramData\Oracle\Java\javapath;C:\Windows\system32;C:\Windows;C:\Windows\System32\Wbem;C:\Windows\System32\WindowsPowerShell\v1.0\;C:\xampp\php;C:\ProgramData\ComposerSetup\bin;C:\Gradle\gradle-5.4\bin;;C:\Users\Hassane\AppData\Local\Programs\Microsoft VS Code\bin;C:\Users\Hassane\AppData\Roaming\Composer\vendor\bin
USERNAME=Hassane
OS=Windows_NT
PROCESSOR_IDENTIFIER=Intel64 Family 6 Model 42 Stepping 7, GenuineIntel



---------------  S Y S T E M  ---------------

OS: Windows 8 , 64 bit Build 9200 (6.2.9200.16384)

CPU:total 2 (2 cores per cpu, 1 threads per core) family 6 model 42 stepping 7, cmov, cx8, fxsr, mmx, sse, sse2, sse3, ssse3, sse4.1, sse4.2, popcnt, clmul, tsc, tscinvbit

Memory: 4k page, physical 4042604k(927372k free), swap 7712620k(3038100k free)

vm_info: OpenJDK 64-Bit Server VM (25.76-b03) for windows-amd64 JRE (1.8.0_76-release-b03), built on Jun 29 2016 19:09:20 by "ralucas" with MS VC++ 10.0 (VS2010)

time: Sat Jun 01 11:54:49 2019
elapsed time: 5 seconds (0d 0h 0m 5s)

