#
# A fatal error has been detected by the Java Runtime Environment:
#
#  EXCEPTION_ACCESS_VIOLATION (0xc0000005) at pc=0x0000000073628062, pid=748, tid=0x0000000000001c68
#
# JRE version: OpenJDK Runtime Environment (8.0_76-b03) (build 1.8.0_76-release-b03)
# Java VM: OpenJDK 64-Bit Server VM (25.76-b03 mixed mode windows-amd64 compressed oops)
# Problematic frame:
# V  [jvm.dll+0x4d8062]
#
# Failed to write core dump. Minidumps are not enabled by default on client versions of Windows
#
# If you would like to submit a bug report, please visit:
#   http://bugreport.java.com/bugreport/crash.jsp
#

---------------  T H R E A D  ---------------

Current thread (0x0000000015133800):  JavaThread "C2 CompilerThread0" daemon [_thread_in_native, id=7272, stack(0x00000000163a0000,0x00000000164a0000)]

siginfo: ExceptionCode=0xc0000005, reading address 0xffffffffffffffff

Registers:
RAX=0x8000000018245490, RBX=0x0000000000000001, RCX=0x0000000000004b17, RDX=0x00000000000000d7
RSP=0x000000001649c0d0, RBP=0x000000001649c1d0, RSI=0x000000000000001a, RDI=0x0000000017feea90
R8 =0x00000000000022ed, R9 =0x00000000000022ed, R10=0x0000000000000002, R11=0x0000000000000004
R12=0x0000000017feeaa0, R13=0x0000000016f64800, R14=0x000000001649c7c0, R15=0x0000000018245438
RIP=0x0000000073628062, EFLAGS=0x0000000000010202

Top of Stack: (sp=0x000000001649c0d0)
0x000000001649c0d0:   0000000000000001 0000000000000002
0x000000001649c0e0:   00000000168c6a90 0000000000000003
0x000000001649c0f0:   0000000000002d4e 000000001837e520
0x000000001649c100:   000000001837e280 000000001649c2d0
0x000000001649c110:   0000000000000000 0000000000007fe8
0x000000001649c120:   000000000000001a 0000000017feea90
0x000000001649c130:   0000000000000002 0000000000000002
0x000000001649c140:   0000000000000000 0000000200000001
0x000000001649c150:   00002d3800000000 000000001649c4a0
0x000000001649c160:   000000000000000f 0000000018360960
0x000000001649c170:   0000000000000002 00002d3800000001
0x000000001649c180:   000000001649c4a0 000000000000000f
0x000000001649c190:   0000000018355460 000000000000255f
0x000000001649c1a0:   0000000016f64800 0000000016985be0
0x000000001649c1b0:   ffffffffe7c7fc40 00000000000003d8
0x000000001649c1c0:   0000000016985fb8 0000000016985bd0 

Instructions: (pc=0x0000000073628062)
0x0000000073628042:   30 4d 6b ed 70 4c 03 68 20 41 0f b7 47 2e 83 e0
0x0000000073628052:   01 4c 89 6d d0 89 45 00 74 64 8b d8 49 8b 47 08
0x0000000073628062:   48 8b 14 d8 49 8b 86 28 01 00 00 48 63 4a 28 44
0x0000000073628072:   3b 04 88 75 49 49 8b cf e8 41 a1 ff ff 4d 8b 5f 


Register to memory mapping:

RAX=0x8000000018245490 is an unknown value
RBX=0x0000000000000001 is an unknown value
RCX=0x0000000000004b17 is an unknown value
RDX=0x00000000000000d7 is an unknown value
RSP=0x000000001649c0d0 is pointing into the stack for thread: 0x0000000015133800
RBP=0x000000001649c1d0 is pointing into the stack for thread: 0x0000000015133800
RSI=0x000000000000001a is an unknown value
RDI=0x0000000017feea90 is an unknown value
R8 =0x00000000000022ed is an unknown value
R9 =0x00000000000022ed is an unknown value
R10=0x0000000000000002 is an unknown value
R11=0x0000000000000004 is an unknown value
R12=0x0000000017feeaa0 is an unknown value
R13=0x0000000016f64800 is an unknown value
R14=0x000000001649c7c0 is pointing into the stack for thread: 0x0000000015133800
R15=0x0000000018245438 is an unknown value


Stack: [0x00000000163a0000,0x00000000164a0000],  sp=0x000000001649c0d0,  free space=1008k
Native frames: (J=compiled Java code, j=interpreted, Vv=VM code, C=native code)
V  [jvm.dll+0x4d8062]
V  [jvm.dll+0x42eb92]
V  [jvm.dll+0x43931b]
V  [jvm.dll+0x43badf]
V  [jvm.dll+0x41f212]
V  [jvm.dll+0x806e9]
V  [jvm.dll+0x8101f]
V  [jvm.dll+0x21bc14]
V  [jvm.dll+0x26b60a]
C  [msvcr100.dll+0x21d9f]
C  [msvcr100.dll+0x21e3b]
C  [KERNEL32.DLL+0x167e]
C  [ntdll.dll+0x1c3f1]


Current CompileTask:
C2:  12230 2034       4       com.android.dx.dex.code.LocalList$MakeState::snapshot (110 bytes)


---------------  P R O C E S S  ---------------

Java Threads: ( => current thread )
  0x00000000169a7000 JavaThread "pool-1-thread-1" [_thread_in_Java, id=5992, stack(0x0000000016ba0000,0x0000000016ca0000)]
  0x000000001513c000 JavaThread "Service Thread" daemon [_thread_blocked, id=764, stack(0x00000000165a0000,0x00000000166a0000)]
  0x0000000015136800 JavaThread "C1 CompilerThread1" daemon [_thread_blocked, id=7100, stack(0x00000000164a0000,0x00000000165a0000)]
=>0x0000000015133800 JavaThread "C2 CompilerThread0" daemon [_thread_in_native, id=7272, stack(0x00000000163a0000,0x00000000164a0000)]
  0x0000000015132000 JavaThread "Attach Listener" daemon [_thread_blocked, id=7200, stack(0x00000000162a0000,0x00000000163a0000)]
  0x000000001513f000 JavaThread "Signal Dispatcher" daemon [_thread_blocked, id=3332, stack(0x00000000161a0000,0x00000000162a0000)]
  0x0000000015119000 JavaThread "Finalizer" daemon [_thread_blocked, id=6544, stack(0x0000000015d70000,0x0000000015e70000)]
  0x00000000150f4000 JavaThread "Reference Handler" daemon [_thread_blocked, id=1104, stack(0x0000000015c70000,0x0000000015d70000)]
  0x0000000002bb0800 JavaThread "main" [_thread_blocked, id=3008, stack(0x00000000027d0000,0x00000000028d0000)]

Other Threads:
  0x00000000150ec800 VMThread [stack: 0x0000000015b70000,0x0000000015c70000] [id=7304]
  0x000000001513d000 WatcherThread [stack: 0x00000000166a0000,0x00000000167a0000] [id=2356]

VM state:not at safepoint (normal execution)

VM Mutex/Monitor currently owned by a thread: None

Heap:
 PSYoungGen      total 66048K, used 13445K [0x00000000eab00000, 0x00000000f3e00000, 0x0000000100000000)
  eden space 63488K, 17% used [0x00000000eab00000,0x00000000eb5a4750,0x00000000ee900000)
  from space 2560K, 99% used [0x00000000ee900000,0x00000000eeb7ce40,0x00000000eeb80000)
  to   space 11776K, 0% used [0x00000000f3280000,0x00000000f3280000,0x00000000f3e00000)
 ParOldGen       total 42496K, used 20500K [0x00000000c0000000, 0x00000000c2980000, 0x00000000eab00000)
  object space 42496K, 48% used [0x00000000c0000000,0x00000000c1405240,0x00000000c2980000)
 Metaspace       used 6606K, capacity 7472K, committed 7552K, reserved 1056768K
  class space    used 605K, capacity 616K, committed 640K, reserved 1048576K

Card table byte_map: [0x0000000012070000,0x0000000012280000] byte_map_base: 0x0000000011a70000

Marking Bits: (ParMarkBitMap*) 0x0000000073909d00
 Begin Bits: [0x00000000125e0000, 0x00000000135e0000)
 End Bits:   [0x00000000135e0000, 0x00000000145e0000)

Polling page: 0x0000000000f60000

CodeCache: size=245760Kb used=8845Kb max_used=8845Kb free=236914Kb
 bounds [0x0000000002cb0000, 0x0000000003560000, 0x0000000011cb0000]
 total_blobs=2424 nmethods=2161 adapters=177
 compilation: enabled

Compilation events (10 events):
Event: 12.202 Thread 0x0000000015136800 2175       2       com.android.dx.dex.code.InsnFormat::codeUnit (89 bytes)
Event: 12.202 Thread 0x0000000015136800 nmethod 2175 0x0000000003555a10 code [0x0000000003555bc0, 0x0000000003555fd8]
Event: 12.202 Thread 0x0000000015136800 2176       2       com.android.dx.dex.code.form.Form11x::writeTo (22 bytes)
Event: 12.202 Thread 0x0000000015136800 nmethod 2176 0x00000000035561d0 code [0x0000000003556360, 0x00000000035565a8]
Event: 12.202 Thread 0x0000000015136800 2179       2       com.android.dx.dex.code.form.Form22x::writeTo (31 bytes)
Event: 12.203 Thread 0x0000000015136800 nmethod 2179 0x00000000035567d0 code [0x0000000003556980, 0x0000000003556ca8]
Event: 12.203 Thread 0x0000000015136800 2181       2       com.android.dx.dex.code.form.Form21t::writeTo (34 bytes)
Event: 12.204 Thread 0x0000000015136800 nmethod 2181 0x0000000003556fd0 code [0x00000000035571a0, 0x0000000003557638]
Event: 12.204 Thread 0x0000000015136800 2184       2       com.android.dx.dex.code.form.Form11n::writeTo (45 bytes)
Event: 12.204 Thread 0x0000000015136800 nmethod 2184 0x0000000003557b10 code [0x0000000003557cc0, 0x0000000003557fc8]

GC Heap History (10 events):
Event: 3.959 GC heap before
{Heap before GC invocations=1 (full 0):
 PSYoungGen      total 18432K, used 15872K [0x00000000eab00000, 0x00000000ebf80000, 0x0000000100000000)
  eden space 15872K, 100% used [0x00000000eab00000,0x00000000eba80000,0x00000000eba80000)
  from space 2560K, 0% used [0x00000000ebd00000,0x00000000ebd00000,0x00000000ebf80000)
  to   space 2560K, 0% used [0x00000000eba80000,0x00000000eba80000,0x00000000ebd00000)
 ParOldGen       total 42496K, used 0K [0x00000000c0000000, 0x00000000c2980000, 0x00000000eab00000)
  object space 42496K, 0% used [0x00000000c0000000,0x00000000c0000000,0x00000000c2980000)
 Metaspace       used 5670K, capacity 6832K, committed 7040K, reserved 1056768K
  class space    used 564K, capacity 616K, committed 640K, reserved 1048576K
Event: 4.013 GC heap after
Heap after GC invocations=1 (full 0):
 PSYoungGen      total 18432K, used 2535K [0x00000000eab00000, 0x00000000ecf00000, 0x0000000100000000)
  eden space 15872K, 0% used [0x00000000eab00000,0x00000000eab00000,0x00000000eba80000)
  from space 2560K, 99% used [0x00000000eba80000,0x00000000ebcf9f90,0x00000000ebd00000)
  to   space 2560K, 0% used [0x00000000ecc80000,0x00000000ecc80000,0x00000000ecf00000)
 ParOldGen       total 42496K, used 1133K [0x00000000c0000000, 0x00000000c2980000, 0x00000000eab00000)
  object space 42496K, 2% used [0x00000000c0000000,0x00000000c011b6d8,0x00000000c2980000)
 Metaspace       used 5670K, capacity 6832K, committed 7040K, reserved 1056768K
  class space    used 564K, capacity 616K, committed 640K, reserved 1048576K
}
Event: 5.607 GC heap before
{Heap before GC invocations=2 (full 0):
 PSYoungGen      total 18432K, used 18407K [0x00000000eab00000, 0x00000000ecf00000, 0x0000000100000000)
  eden space 15872K, 100% used [0x00000000eab00000,0x00000000eba80000,0x00000000eba80000)
  from space 2560K, 99% used [0x00000000eba80000,0x00000000ebcf9f90,0x00000000ebd00000)
  to   space 2560K, 0% used [0x00000000ecc80000,0x00000000ecc80000,0x00000000ecf00000)
 ParOldGen       total 42496K, used 1133K [0x00000000c0000000, 0x00000000c2980000, 0x00000000eab00000)
  object space 42496K, 2% used [0x00000000c0000000,0x00000000c011b6d8,0x00000000c2980000)
 Metaspace       used 5871K, capacity 6960K, committed 7040K, reserved 1056768K
  class space    used 566K, capacity 616K, committed 640K, reserved 1048576K
Event: 5.684 GC heap after
Heap after GC invocations=2 (full 0):
 PSYoungGen      total 34304K, used 2547K [0x00000000eab00000, 0x00000000ecf00000, 0x0000000100000000)
  eden space 31744K, 0% used [0x00000000eab00000,0x00000000eab00000,0x00000000eca00000)
  from space 2560K, 99% used [0x00000000ecc80000,0x00000000ecefcd30,0x00000000ecf00000)
  to   space 2560K, 0% used [0x00000000eca00000,0x00000000eca00000,0x00000000ecc80000)
 ParOldGen       total 42496K, used 3274K [0x00000000c0000000, 0x00000000c2980000, 0x00000000eab00000)
  object space 42496K, 7% used [0x00000000c0000000,0x00000000c0332a38,0x00000000c2980000)
 Metaspace       used 5871K, capacity 6960K, committed 7040K, reserved 1056768K
  class space    used 566K, capacity 616K, committed 640K, reserved 1048576K
}
Event: 8.444 GC heap before
{Heap before GC invocations=3 (full 0):
 PSYoungGen      total 34304K, used 34291K [0x00000000eab00000, 0x00000000ecf00000, 0x0000000100000000)
  eden space 31744K, 100% used [0x00000000eab00000,0x00000000eca00000,0x00000000eca00000)
  from space 2560K, 99% used [0x00000000ecc80000,0x00000000ecefcd30,0x00000000ecf00000)
  to   space 2560K, 0% used [0x00000000eca00000,0x00000000eca00000,0x00000000ecc80000)
 ParOldGen       total 42496K, used 3274K [0x00000000c0000000, 0x00000000c2980000, 0x00000000eab00000)
  object space 42496K, 7% used [0x00000000c0000000,0x00000000c0332a38,0x00000000c2980000)
 Metaspace       used 6090K, capacity 7088K, committed 7296K, reserved 1056768K
  class space    used 584K, capacity 616K, committed 640K, reserved 1048576K
Event: 8.496 GC heap after
Heap after GC invocations=3 (full 0):
 PSYoungGen      total 34304K, used 2548K [0x00000000eab00000, 0x00000000eee00000, 0x0000000100000000)
  eden space 31744K, 0% used [0x00000000eab00000,0x00000000eab00000,0x00000000eca00000)
  from space 2560K, 99% used [0x00000000eca00000,0x00000000ecc7d280,0x00000000ecc80000)
  to   space 2560K, 0% used [0x00000000eeb80000,0x00000000eeb80000,0x00000000eee00000)
 ParOldGen       total 42496K, used 8026K [0x00000000c0000000, 0x00000000c2980000, 0x00000000eab00000)
  object space 42496K, 18% used [0x00000000c0000000,0x00000000c07d6bc8,0x00000000c2980000)
 Metaspace       used 6090K, capacity 7088K, committed 7296K, reserved 1056768K
  class space    used 584K, capacity 616K, committed 640K, reserved 1048576K
}
Event: 9.003 GC heap before
{Heap before GC invocations=4 (full 0):
 PSYoungGen      total 34304K, used 34292K [0x00000000eab00000, 0x00000000eee00000, 0x0000000100000000)
  eden space 31744K, 100% used [0x00000000eab00000,0x00000000eca00000,0x00000000eca00000)
  from space 2560K, 99% used [0x00000000eca00000,0x00000000ecc7d280,0x00000000ecc80000)
  to   space 2560K, 0% used [0x00000000eeb80000,0x00000000eeb80000,0x00000000eee00000)
 ParOldGen       total 42496K, used 8026K [0x00000000c0000000, 0x00000000c2980000, 0x00000000eab00000)
  object space 42496K, 18% used [0x00000000c0000000,0x00000000c07d6bc8,0x00000000c2980000)
 Metaspace       used 6122K, capacity 7088K, committed 7296K, reserved 1056768K
  class space    used 584K, capacity 616K, committed 640K, reserved 1048576K
Event: 9.083 GC heap after
Heap after GC invocations=4 (full 0):
 PSYoungGen      total 66048K, used 2547K [0x00000000eab00000, 0x00000000eee00000, 0x0000000100000000)
  eden space 63488K, 0% used [0x00000000eab00000,0x00000000eab00000,0x00000000ee900000)
  from space 2560K, 99% used [0x00000000eeb80000,0x00000000eedfce58,0x00000000eee00000)
  to   space 2560K, 0% used [0x00000000ee900000,0x00000000ee900000,0x00000000eeb80000)
 ParOldGen       total 42496K, used 12445K [0x00000000c0000000, 0x00000000c2980000, 0x00000000eab00000)
  object space 42496K, 29% used [0x00000000c0000000,0x00000000c0c275d0,0x00000000c2980000)
 Metaspace       used 6122K, capacity 7088K, committed 7296K, reserved 1056768K
  class space    used 584K, capacity 616K, committed 640K, reserved 1048576K
}
Event: 10.078 GC heap before
{Heap before GC invocations=5 (full 0):
 PSYoungGen      total 66048K, used 66035K [0x00000000eab00000, 0x00000000eee00000, 0x0000000100000000)
  eden space 63488K, 100% used [0x00000000eab00000,0x00000000ee900000,0x00000000ee900000)
  from space 2560K, 99% used [0x00000000eeb80000,0x00000000eedfce58,0x00000000eee00000)
  to   space 2560K, 0% used [0x00000000ee900000,0x00000000ee900000,0x00000000eeb80000)
 ParOldGen       total 42496K, used 12445K [0x00000000c0000000, 0x00000000c2980000, 0x00000000eab00000)
  object space 42496K, 29% used [0x00000000c0000000,0x00000000c0c275d0,0x00000000c2980000)
 Metaspace       used 6177K, capacity 7152K, committed 7296K, reserved 1056768K
  class space    used 586K, capacity 616K, committed 640K, reserved 1048576K
Event: 10.162 GC heap after
Heap after GC invocations=5 (full 0):
 PSYoungGen      total 66048K, used 2547K [0x00000000eab00000, 0x00000000f3e00000, 0x0000000100000000)
  eden space 63488K, 0% used [0x00000000eab00000,0x00000000eab00000,0x00000000ee900000)
  from space 2560K, 99% used [0x00000000ee900000,0x00000000eeb7ce40,0x00000000eeb80000)
  to   space 11776K, 0% used [0x00000000f3280000,0x00000000f3280000,0x00000000f3e00000)
 ParOldGen       total 42496K, used 20500K [0x00000000c0000000, 0x00000000c2980000, 0x00000000eab00000)
  object space 42496K, 48% used [0x00000000c0000000,0x00000000c1405240,0x00000000c2980000)
 Metaspace       used 6177K, capacity 7152K, committed 7296K, reserved 1056768K
  class space    used 586K, capacity 616K, committed 640K, reserved 1048576K
}

Deoptimization events (10 events):
Event: 10.902 Thread 0x00000000169a7000 Uncommon trap: reason=speculate_class_check action=maybe_recompile pc=0x00000000030a685c method=com.android.dx.util.FixedSizeList.equals(Ljava/lang/Object;)Z @ 25
Event: 10.903 Thread 0x00000000169a7000 Uncommon trap: reason=speculate_class_check action=maybe_recompile pc=0x00000000030a685c method=com.android.dx.util.FixedSizeList.equals(Ljava/lang/Object;)Z @ 25
Event: 10.903 Thread 0x00000000169a7000 Uncommon trap: reason=speculate_class_check action=maybe_recompile pc=0x00000000030a685c method=com.android.dx.util.FixedSizeList.equals(Ljava/lang/Object;)Z @ 25
Event: 10.903 Thread 0x00000000169a7000 Uncommon trap: reason=speculate_class_check action=maybe_recompile pc=0x00000000030a685c method=com.android.dx.util.FixedSizeList.equals(Ljava/lang/Object;)Z @ 25
Event: 11.122 Thread 0x00000000169a7000 Uncommon trap: reason=unstable_if action=reinterpret pc=0x0000000003472198 method=com.android.dx.rop.code.RegisterSpec.matchesVariable(Lcom/android/dx/rop/code/RegisterSpec;)Z @ 59
Event: 11.310 Thread 0x00000000169a7000 Uncommon trap: reason=unstable_if action=reinterpret pc=0x00000000032e9998 method=com.android.dx.rop.code.RegisterSpecSet.equals(Ljava/lang/Object;)Z @ 30
Event: 11.442 Thread 0x00000000169a7000 Uncommon trap: reason=unstable_if action=reinterpret pc=0x000000000348ad0c method=com.android.dx.rop.code.LocalItem.hashCode()I @ 25
Event: 11.448 Thread 0x00000000169a7000 Uncommon trap: reason=unstable_if action=reinterpret pc=0x00000000034971e4 method=com.android.dx.dex.code.LocalList$MakeState.filterSpec(Lcom/android/dx/rop/code/RegisterSpec;)Lcom/android/dx/rop/code/RegisterSpec; @ 11
Event: 11.448 Thread 0x00000000169a7000 Uncommon trap: reason=unstable_if action=reinterpret pc=0x0000000003499328 method=com.android.dx.dex.code.LocalList$MakeState.filterSpec(Lcom/android/dx/rop/code/RegisterSpec;)Lcom/android/dx/rop/code/RegisterSpec; @ 11
Event: 11.556 Thread 0x00000000169a7000 Uncommon trap: reason=unstable_if action=reinterpret pc=0x00000000034d3858 method=java.util.ArrayList.<init>(I)V @ 5

Internal exceptions (5 events):
Event: 0.061 Thread 0x0000000002bb0800 Exception <a 'java/lang/NoSuchMethodError': Method sun.misc.Unsafe.defineClass(Ljava/lang/String;[BII)Ljava/lang/Class; name or signature does not match> (0x00000000eab07cc0) thrown at [C:\src\android\AOSP-openjdk\external\jetbrains\jdk\hotspot\src\share\vçu¿¢kØ?
Event: 0.061 Thread 0x0000000002bb0800 Exception <a 'java/lang/NoSuchMethodError': Method sun.misc.Unsafe.prefetchRead(Ljava/lang/Object;J)V name or signature does not match> (0x00000000eab07fa8) thrown at [C:\src\android\AOSP-openjdk\external\jetbrains\jdk\hotspot\src\share\vm\prims\jni.cpp, lˆV|-õ @
Event: 8.303 Thread 0x00000000169be800 Exception <a 'java/lang/ArrayIndexOutOfBoundsException': 18> (0x00000000ec9cd178) thrown at [C:\src\android\AOSP-openjdk\external\jetbrains\jdk\hotspot\src\share\vm\interpreter\interpreterRuntime.cpp, line 366]
Event: 8.304 Thread 0x00000000169be800 Exception <a 'java/lang/ArrayIndexOutOfBoundsException'> (0x00000000ec9cecf8) thrown at [C:\src\android\AOSP-openjdk\external\jetbrains\jdk\hotspot\src\share\vm\runtime\sharedRuntime.cpp, line 605]
Event: 8.305 Thread 0x00000000169be800 Exception <a 'java/lang/ArrayIndexOutOfBoundsException'> (0x00000000ec9cffe0) thrown at [C:\src\android\AOSP-openjdk\external\jetbrains\jdk\hotspot\src\share\vm\runtime\sharedRuntime.cpp, line 605]

Events (10 events):
Event: 11.654 loading class com/android/dex/EncodedValueCodec
Event: 11.654 loading class com/android/dex/EncodedValueCodec done
Event: 11.674 loading class com/android/dx/dex/file/MapItem
Event: 11.674 loading class com/android/dx/dex/file/MapItem done
Event: 11.680 loading class com/android/dex/DexFormat
Event: 11.680 loading class com/android/dex/DexFormat done
Event: 12.194 Thread 0x00000000169a7000 DEOPT PACKING pc=0x00000000035428ee sp=0x0000000016c9ec50
Event: 12.194 Thread 0x00000000169a7000 DEOPT UNPACKING pc=0x0000000002cf71bf sp=0x0000000016c9e978 mode 0
Event: 12.196 Thread 0x00000000169a7000 DEOPT PACKING pc=0x0000000003543c28 sp=0x0000000016c9eb70
Event: 12.196 Thread 0x00000000169a7000 DEOPT UNPACKING pc=0x0000000002cf71bf sp=0x0000000016c9e958 mode 0


Dynamic libraries:
0x000007f746e80000 - 0x000007f746eb1000 	C:\Program Files\Android\Android Studio\jre\bin\java.exe
0x000007fc43680000 - 0x000007fc4383e000 	C:\Windows\SYSTEM32\ntdll.dll
0x000007fc411f0000 - 0x000007fc41326000 	C:\Windows\system32\KERNEL32.DLL
0x000007fc28d00000 - 0x000007fc28d12000 	C:\Program Files\AVAST Software\Avast\aswhook.dll
0x000007fc40680000 - 0x000007fc40773000 	C:\Windows\system32\KERNELBASE.dll
0x000007fc40ce0000 - 0x000007fc40dbe000 	C:\Windows\system32\ADVAPI32.dll
0x000007fc42990000 - 0x000007fc42adc000 	C:\Windows\system32\USER32.dll
0x000007fc3e850000 - 0x000007fc3eab9000 	C:\Windows\WinSxS\amd64_microsoft.windows.common-controls_6595b64144ccf1df_6.0.9200.16384_none_418c2a697189c07f\COMCTL32.dll
0x000007fc41470000 - 0x000007fc41515000 	C:\Windows\system32\msvcrt.dll
0x000007fc42ae0000 - 0x000007fc42b28000 	C:\Windows\SYSTEM32\sechost.dll
0x000007fc40b10000 - 0x000007fc40c50000 	C:\Windows\system32\RPCRT4.dll
0x000007fc43540000 - 0x000007fc43680000 	C:\Windows\system32\GDI32.dll
0x000007fc40ca0000 - 0x000007fc40cd9000 	C:\Windows\system32\IMM32.DLL
0x000007fc42da0000 - 0x000007fc42eb4000 	C:\Windows\system32\MSCTF.dll
0x0000000072390000 - 0x0000000072462000 	C:\Program Files\Android\Android Studio\jre\jre\bin\msvcr100.dll
0x0000000073150000 - 0x0000000073984000 	C:\Program Files\Android\Android Studio\jre\jre\bin\server\jvm.dll
0x000007fc3aed0000 - 0x000007fc3aed9000 	C:\Windows\SYSTEM32\WSOCK32.dll
0x000007fc3c700000 - 0x000007fc3c720000 	C:\Windows\SYSTEM32\WINMM.dll
0x000007fc3b6c0000 - 0x000007fc3b6c9000 	C:\Windows\SYSTEM32\VERSION.dll
0x000007fc41680000 - 0x000007fc41687000 	C:\Windows\system32\PSAPI.DLL
0x000007fc40ff0000 - 0x000007fc41048000 	C:\Windows\system32\WS2_32.dll
0x000007fc3c6c0000 - 0x000007fc3c6f2000 	C:\Windows\SYSTEM32\WINMMBASE.dll
0x000007fc42ec0000 - 0x000007fc42ec9000 	C:\Windows\system32\NSI.dll
0x000007fc3d050000 - 0x000007fc3d05f000 	C:\Program Files\Android\Android Studio\jre\jre\bin\verify.dll
0x000007fc382a0000 - 0x000007fc382c9000 	C:\Program Files\Android\Android Studio\jre\jre\bin\java.dll
0x000007fc38280000 - 0x000007fc38296000 	C:\Program Files\Android\Android Studio\jre\jre\bin\zip.dll
0x000007fc41690000 - 0x000007fc42975000 	C:\Windows\system32\SHELL32.dll
0x000007fc42ed0000 - 0x000007fc43080000 	C:\Windows\SYSTEM32\combase.dll
0x000007fc40c50000 - 0x000007fc40ca0000 	C:\Windows\system32\SHLWAPI.dll
0x000007fc3ef40000 - 0x000007fc3efd6000 	C:\Windows\SYSTEM32\SHCORE.dll
0x000007fc405b0000 - 0x000007fc405c5000 	C:\Windows\SYSTEM32\profapi.dll
0x000007fc3a070000 - 0x000007fc3a1d3000 	C:\Windows\SYSTEM32\dbghelp.dll

VM Arguments:
jvm_args: -Djava.awt.headless=true -Xmx1024M -Dfile.encoding=windows-1252 -Duser.country=FR -Duser.language=fr -Duser.variant 
java_command: com.android.dx.command.Main --dex --force-jumbo --num-threads=4 --multi-dex --output C:\Users\Hassane\AndroidStudioProjects\LastTP\app\build\intermediates\transforms\dex\debug\folders\1000\10\com.android.support-support-core-ui-25.2.0_bdc14b06f78d8f8e4abbbb2a8de375cbcd4461b0 C:\Users\Hassane\AndroidStudioProjects\LastTP\app\build\intermediates\exploded-aar\com.android.support\support-core-ui\25.2.0\jars\classes.jar
java_class_path (initial): C:\Users\Hassane\AppData\Local\Android\sdk\build-tools\24.0.3\lib\dx.jar
Launcher Type: SUN_STANDARD

Environment Variables:
PATH=C:\ProgramData\Oracle\Java\javapath;C:\Windows\system32;C:\Windows;C:\Windows\System32\Wbem;C:\Windows\System32\WindowsPowerShell\v1.0\;C:\xampp\php;C:\ProgramData\ComposerSetup\bin;C:\Gradle\gradle-5.4\bin;;C:\Users\Hassane\AppData\Local\Programs\Microsoft VS Code\bin;C:\Users\Hassane\AppData\Roaming\Composer\vendor\bin
USERNAME=Hassane
OS=Windows_NT
PROCESSOR_IDENTIFIER=Intel64 Family 6 Model 42 Stepping 7, GenuineIntel



---------------  S Y S T E M  ---------------

OS: Windows 8 , 64 bit Build 9200 (6.2.9200.16384)

CPU:total 2 (2 cores per cpu, 1 threads per core) family 6 model 42 stepping 7, cmov, cx8, fxsr, mmx, sse, sse2, sse3, ssse3, sse4.1, sse4.2, popcnt, clmul, tsc, tscinvbit

Memory: 4k page, physical 4042604k(783028k free), swap 8105836k(3007744k free)

vm_info: OpenJDK 64-Bit Server VM (25.76-b03) for windows-amd64 JRE (1.8.0_76-release-b03), built on Jun 29 2016 19:09:20 by "ralucas" with MS VC++ 10.0 (VS2010)

time: Thu Apr 25 12:27:14 2019
elapsed time: 12 seconds (0d 0h 0m 12s)

