#
# A fatal error has been detected by the Java Runtime Environment:
#
#  EXCEPTION_ACCESS_VIOLATION (0xc0000005) at pc=0x000000006975e008, pid=3852, tid=0x00000000000016d4
#
# JRE version: OpenJDK Runtime Environment (8.0_76-b03) (build 1.8.0_76-release-b03)
# Java VM: OpenJDK 64-Bit Server VM (25.76-b03 mixed mode windows-amd64 compressed oops)
# Problematic frame:
# V  [jvm.dll+0xee008]
#
# Failed to write core dump. Minidumps are not enabled by default on client versions of Windows
#
# If you would like to submit a bug report, please visit:
#   http://bugreport.java.com/bugreport/crash.jsp
#

---------------  T H R E A D  ---------------

Current thread (0x0000000002af6800):  GCTaskThread [stack: 0x0000000012310000,0x0000000012410000] [id=5844]

siginfo: ExceptionCode=0xc0000005, reading address 0xffffffffffffffff

Registers:
RAX=0x0000000012510000, RBX=0x0000000080000000, RCX=0x0000000000000000, RDX=0x0000000000000000
RSP=0x000000001240f830, RBP=0x00000000c391d164, RSI=0x0000000000000005, RDI=0x0000000014fba9b0
R8 =0x007fffffffe00000, R9 =0x0000000000000005, R10=0x000000000000000c, R11=0x0000000000000082
R12=0x00000000c391d174, R13=0x0000000100077a08, R14=0x0000000100077a10, R15=0x00000000c391d150
RIP=0x000000006975e008, EFLAGS=0x0000000000010246

Top of Stack: (sp=0x000000001240f830)
0x000000001240f830:   00000000c046be28 00000000c391d15c
0x000000001240f840:   0000000000000005 0000000014fba9b0
0x000000001240f850:   0000000000000000 0000000002af6bf0
0x000000001240f860:   0000000002af1da0 00000000c1dfb7b8
0x000000001240f870:   0000000000000082 0000000069a2eb00
0x000000001240f880:   0000000015444450 0000000000000600
0x000000001240f890:   0000000014fba9b0 0000000069c7cb98
0x000000001240f8a0:   0000056200000000 0000056300000000
0x000000001240f8b0:   0000000000000000 00000000c1dfb7b8
0x000000001240f8c0:   0000000000000600 000000006975c702
0x000000001240f8d0:   00000000c0ca9858 0000000000000000
0x000000001240f8e0:   0000000000000000 0000000002af1da0
0x000000001240f8f0:   0000000002af6c00 0000000002af6bf0
0x000000001240f900:   0000000069c7cb98 0000000014fba9b0
0x000000001240f910:   0000000000000000 000000001240f999
0x000000001240f920:   0000000014f85540 0000000069a2bd50 

Instructions: (pc=0x000000006975e008)
0x000000006975dfe8:   05 13 bd 6c 00 49 c1 e8 03 49 d3 e8 41 0f b6 c0
0x000000006975dff8:   49 c1 e8 06 24 3f 0f b6 d0 48 8b 05 28 bd 6c 00
0x000000006975e008:   4a 8b 0c c0 48 0f a3 d1 0f 82 59 01 00 00 0f b6
0x000000006975e018:   15 84 1c 6c 00 84 d2 74 16 44 8b 43 08 8b 0d 25 


Register to memory mapping:

RAX=0x0000000012510000 is an unknown value
RBX=0x0000000080000000 is an unknown value
RCX=0x0000000000000000 is an unknown value
RDX=0x0000000000000000 is an unknown value
RSP=0x000000001240f830 is an unknown value
RBP=0x00000000c391d164 is pointing into object: 0x00000000c391d150
com.android.dx.rop.code.ThrowingCstInsn 
 - klass: 'com/android/dx/rop/code/ThrowingCstInsn'
RSI=0x0000000000000005 is an unknown value
RDI=0x0000000014fba9b0 is an unknown value
R8 =0x007fffffffe00000 is an unknown value
R9 =0x0000000000000005 is an unknown value
R10=0x000000000000000c is an unknown value
R11=0x0000000000000082 is an unknown value
R12=0x00000000c391d174 is pointing into object: 0x00000000c391d150
com.android.dx.rop.code.ThrowingCstInsn 
 - klass: 'com/android/dx/rop/code/ThrowingCstInsn'
R13=0x0000000100077a08 is pointing into metadata
R14=0x0000000100077a10 is pointing into metadata
R15=0x00000000c391d150 is an oop
com.android.dx.rop.code.ThrowingCstInsn 
 - klass: 'com/android/dx/rop/code/ThrowingCstInsn'


Stack: [0x0000000012310000,0x0000000012410000],  sp=0x000000001240f830,  free space=1022k
Native frames: (J=compiled Java code, j=interpreted, Vv=VM code, C=native code)
V  [jvm.dll+0xee008]
V  [jvm.dll+0x3beb00]
V  [jvm.dll+0x3bbd50]
V  [jvm.dll+0x3b997e]
V  [jvm.dll+0x26b60a]
C  [msvcr100.dll+0x21d9f]
C  [msvcr100.dll+0x21e3b]
C  [KERNEL32.DLL+0x167e]
C  [ntdll.dll+0x1c3f1]


---------------  P R O C E S S  ---------------

Java Threads: ( => current thread )
  0x0000000016920000 JavaThread "pool-2-thread-4" [_thread_blocked, id=9676, stack(0x0000000016ed0000,0x0000000016fd0000)]
  0x0000000016944800 JavaThread "pool-2-thread-3" [_thread_blocked, id=3700, stack(0x0000000016dd0000,0x0000000016ed0000)]
  0x000000001690b000 JavaThread "pool-2-thread-2" [_thread_blocked, id=9972, stack(0x0000000016cd0000,0x0000000016dd0000)]
  0x00000000167c2000 JavaThread "pool-3-thread-1" [_thread_blocked, id=10000, stack(0x0000000016bd0000,0x0000000016cd0000)]
  0x00000000167c1000 JavaThread "pool-2-thread-1" [_thread_blocked, id=8788, stack(0x0000000016ad0000,0x0000000016bd0000)]
  0x000000001506d800 JavaThread "Service Thread" daemon [_thread_blocked, id=9232, stack(0x00000000164d0000,0x00000000165d0000)]
  0x000000001506a000 JavaThread "C1 CompilerThread1" daemon [_thread_blocked, id=7456, stack(0x00000000163d0000,0x00000000164d0000)]
  0x0000000015067000 JavaThread "C2 CompilerThread0" daemon [_thread_blocked, id=9628, stack(0x00000000162d0000,0x00000000163d0000)]
  0x0000000015065800 JavaThread "Attach Listener" daemon [_thread_blocked, id=9176, stack(0x00000000161d0000,0x00000000162d0000)]
  0x0000000015062000 JavaThread "Signal Dispatcher" daemon [_thread_blocked, id=4568, stack(0x00000000160d0000,0x00000000161d0000)]
  0x000000001504d800 JavaThread "Finalizer" daemon [_thread_blocked, id=5324, stack(0x0000000015ca0000,0x0000000015da0000)]
  0x0000000015023800 JavaThread "Reference Handler" daemon [_thread_blocked, id=4912, stack(0x0000000015ba0000,0x0000000015ca0000)]
  0x0000000002ae0800 JavaThread "main" [_thread_blocked, id=9424, stack(0x0000000002680000,0x0000000002780000)]

Other Threads:
  0x000000001501c000 VMThread [stack: 0x0000000015aa0000,0x0000000015ba0000] [id=6092]
  0x0000000015070800 WatcherThread [stack: 0x00000000165d0000,0x00000000166d0000] [id=9396]

=>0x0000000002af6800 (exited) GCTaskThread [stack: 0x0000000012310000,0x0000000012410000] [id=5844]

VM state:at safepoint (normal execution)

VM Mutex/Monitor currently owned by a thread:  ([mutex/lock_event])
[0x00000000027ac030] Threads_lock - owner thread: 0x000000001501c000
[0x00000000027ac230] Heap_lock - owner thread: 0x0000000016944800

Heap:
 PSYoungGen      total 86016K, used 32478K [0x00000000eab00000, 0x00000000f3600000, 0x0000000100000000)
  eden space 50176K, 0% used [0x00000000eab00000,0x00000000eab00000,0x00000000edc00000)
  from space 35840K, 90% used [0x00000000edc00000,0x00000000efbb7918,0x00000000eff00000)
  to   space 39936K, 0% used [0x00000000f0f00000,0x00000000f0f00000,0x00000000f3600000)
 ParOldGen       total 69120K, used 64355K [0x00000000c0000000, 0x00000000c4380000, 0x00000000eab00000)
  object space 69120K, 93% used [0x00000000c0000000,0x00000000c3ed8c40,0x00000000c4380000)
 Metaspace       used 5879K, capacity 7024K, committed 7296K, reserved 1056768K
  class space    used 563K, capacity 616K, committed 640K, reserved 1048576K

Card table byte_map: [0x0000000011fa0000,0x00000000121b0000] byte_map_base: 0x00000000119a0000

Marking Bits: (ParMarkBitMap*) 0x0000000069e29d00
 Begin Bits: [0x0000000012510000, 0x0000000013510000)
 End Bits:   [0x0000000013510000, 0x0000000014510000)

Polling page: 0x0000000002780000

CodeCache: size=245760Kb used=6719Kb max_used=6719Kb free=239040Kb
 bounds [0x0000000002be0000, 0x0000000003280000, 0x0000000011be0000]
 total_blobs=1815 nmethods=1554 adapters=175
 compilation: enabled

Compilation events (10 events):
Event: 6.635 Thread 0x000000001506a000 1614       2       com.android.dx.dex.code.RopTranslator$TranslationVisitor::addOutputSuffix (9 bytes)
Event: 6.636 Thread 0x000000001506a000 nmethod 1614 0x0000000003266fd0 code [0x0000000003267140, 0x00000000032673c8]
Event: 6.639 Thread 0x000000001506a000 1615       2       java.util.concurrent.locks.AbstractQueuedSynchronizer::setState (6 bytes)
Event: 6.639 Thread 0x000000001506a000 nmethod 1615 0x000000000324ddd0 code [0x000000000324df20, 0x000000000324e070]
Event: 6.647 Thread 0x000000001506a000 1616       2       com.android.dx.cf.code.Ropper::addReturnBlock (228 bytes)
Event: 6.650 Thread 0x000000001506a000 nmethod 1616 0x000000000326a1d0 code [0x000000000326a540, 0x000000000326b788]
Event: 6.650 Thread 0x000000001506a000 1617       2       com.android.dx.cf.code.Ropper::addSynchExceptionHandlerBlock (206 bytes)
Event: 6.654 Thread 0x000000001506a000 nmethod 1617 0x000000000326d890 code [0x000000000326dc40, 0x000000000326f218]
Event: 6.717 Thread 0x000000001506a000 1618       3       com.android.dx.ssa.back.FirstFitLocalCombiningAllocator::handleNormalUnassociated (99 bytes)
Event: 6.719 Thread 0x000000001506a000 nmethod 1618 0x0000000003271710 code [0x00000000032719c0, 0x0000000003272d78]

GC Heap History (10 events):
Event: 3.736 GC heap after
Heap after GC invocations=6 (full 1):
 PSYoungGen      total 34304K, used 0K [0x00000000eab00000, 0x00000000f0700000, 0x0000000100000000)
  eden space 31744K, 0% used [0x00000000eab00000,0x00000000eab00000,0x00000000eca00000)
  from space 2560K, 0% used [0x00000000eca00000,0x00000000eca00000,0x00000000ecc80000)
  to   space 15360K, 0% used [0x00000000ef800000,0x00000000ef800000,0x00000000f0700000)
 ParOldGen       total 69120K, used 30435K [0x00000000c0000000, 0x00000000c4380000, 0x00000000eab00000)
  object space 69120K, 44% used [0x00000000c0000000,0x00000000c1db8ce0,0x00000000c4380000)
 Metaspace       used 5710K, capacity 6896K, committed 7040K, reserved 1056768K
  class space    used 559K, capacity 616K, committed 640K, reserved 1048576K
}
Event: 4.259 GC heap before
{Heap before GC invocations=7 (full 1):
 PSYoungGen      total 34304K, used 31744K [0x00000000eab00000, 0x00000000f0700000, 0x0000000100000000)
  eden space 31744K, 100% used [0x00000000eab00000,0x00000000eca00000,0x00000000eca00000)
  from space 2560K, 0% used [0x00000000eca00000,0x00000000eca00000,0x00000000ecc80000)
  to   space 15360K, 0% used [0x00000000ef800000,0x00000000ef800000,0x00000000f0700000)
 ParOldGen       total 69120K, used 30435K [0x00000000c0000000, 0x00000000c4380000, 0x00000000eab00000)
  object space 69120K, 44% used [0x00000000c0000000,0x00000000c1db8ce0,0x00000000c4380000)
 Metaspace       used 5754K, capacity 6896K, committed 7040K, reserved 1056768K
  class space    used 563K, capacity 616K, committed 640K, reserved 1048576K
Event: 4.295 GC heap after
Heap after GC invocations=7 (full 1):
 PSYoungGen      total 57856K, used 15338K [0x00000000eab00000, 0x00000000f0700000, 0x0000000100000000)
  eden space 42496K, 0% used [0x00000000eab00000,0x00000000eab00000,0x00000000ed480000)
  from space 15360K, 99% used [0x00000000ef800000,0x00000000f06fa9b0,0x00000000f0700000)
  to   space 18432K, 0% used [0x00000000ee300000,0x00000000ee300000,0x00000000ef500000)
 ParOldGen       total 69120K, used 31358K [0x00000000c0000000, 0x00000000c4380000, 0x00000000eab00000)
  object space 69120K, 45% used [0x00000000c0000000,0x00000000c1e9f910,0x00000000c4380000)
 Metaspace       used 5754K, capacity 6896K, committed 7040K, reserved 1056768K
  class space    used 563K, capacity 616K, committed 640K, reserved 1048576K
}
Event: 4.854 GC heap before
{Heap before GC invocations=8 (full 1):
 PSYoungGen      total 57856K, used 57834K [0x00000000eab00000, 0x00000000f0700000, 0x0000000100000000)
  eden space 42496K, 100% used [0x00000000eab00000,0x00000000ed480000,0x00000000ed480000)
  from space 15360K, 99% used [0x00000000ef800000,0x00000000f06fa9b0,0x00000000f0700000)
  to   space 18432K, 0% used [0x00000000ee300000,0x00000000ee300000,0x00000000ef500000)
 ParOldGen       total 69120K, used 31358K [0x00000000c0000000, 0x00000000c4380000, 0x00000000eab00000)
  object space 69120K, 45% used [0x00000000c0000000,0x00000000c1e9f910,0x00000000c4380000)
 Metaspace       used 5832K, capacity 6960K, committed 7040K, reserved 1056768K
  class space    used 563K, capacity 616K, committed 640K, reserved 1048576K
Event: 4.936 GC heap after
Heap after GC invocations=8 (full 1):
 PSYoungGen      total 75776K, used 18412K [0x00000000eab00000, 0x00000000f1980000, 0x0000000100000000)
  eden space 57344K, 0% used [0x00000000eab00000,0x00000000eab00000,0x00000000ee300000)
  from space 18432K, 99% used [0x00000000ee300000,0x00000000ef4fb1b0,0x00000000ef500000)
  to   space 27136K, 0% used [0x00000000eff00000,0x00000000eff00000,0x00000000f1980000)
 ParOldGen       total 69120K, used 43743K [0x00000000c0000000, 0x00000000c4380000, 0x00000000eab00000)
  object space 69120K, 63% used [0x00000000c0000000,0x00000000c2ab7ce8,0x00000000c4380000)
 Metaspace       used 5832K, capacity 6960K, committed 7040K, reserved 1056768K
  class space    used 563K, capacity 616K, committed 640K, reserved 1048576K
}
Event: 5.887 GC heap before
{Heap before GC invocations=9 (full 1):
 PSYoungGen      total 75776K, used 75756K [0x00000000eab00000, 0x00000000f1980000, 0x0000000100000000)
  eden space 57344K, 100% used [0x00000000eab00000,0x00000000ee300000,0x00000000ee300000)
  from space 18432K, 99% used [0x00000000ee300000,0x00000000ef4fb1b0,0x00000000ef500000)
  to   space 27136K, 0% used [0x00000000eff00000,0x00000000eff00000,0x00000000f1980000)
 ParOldGen       total 69120K, used 43743K [0x00000000c0000000, 0x00000000c4380000, 0x00000000eab00000)
  object space 69120K, 63% used [0x00000000c0000000,0x00000000c2ab7ce8,0x00000000c4380000)
 Metaspace       used 5843K, capacity 6960K, committed 7040K, reserved 1056768K
  class space    used 563K, capacity 616K, committed 640K, reserved 1048576K
Event: 5.976 GC heap after
Heap after GC invocations=9 (full 1):
 PSYoungGen      total 77312K, used 27122K [0x00000000eab00000, 0x00000000f3e80000, 0x0000000100000000)
  eden space 50176K, 0% used [0x00000000eab00000,0x00000000eab00000,0x00000000edc00000)
  from space 27136K, 99% used [0x00000000eff00000,0x00000000f197cae0,0x00000000f1980000)
  to   space 35840K, 0% used [0x00000000edc00000,0x00000000edc00000,0x00000000eff00000)
 ParOldGen       total 69120K, used 52887K [0x00000000c0000000, 0x00000000c4380000, 0x00000000eab00000)
  object space 69120K, 76% used [0x00000000c0000000,0x00000000c33a5c80,0x00000000c4380000)
 Metaspace       used 5843K, capacity 6960K, committed 7040K, reserved 1056768K
  class space    used 563K, capacity 616K, committed 640K, reserved 1048576K
}
Event: 6.722 GC heap before
{Heap before GC invocations=10 (full 1):
 PSYoungGen      total 77312K, used 77298K [0x00000000eab00000, 0x00000000f3e80000, 0x0000000100000000)
  eden space 50176K, 100% used [0x00000000eab00000,0x00000000edc00000,0x00000000edc00000)
  from space 27136K, 99% used [0x00000000eff00000,0x00000000f197cae0,0x00000000f1980000)
  to   space 35840K, 0% used [0x00000000edc00000,0x00000000edc00000,0x00000000eff00000)
 ParOldGen       total 69120K, used 52887K [0x00000000c0000000, 0x00000000c4380000, 0x00000000eab00000)
  object space 69120K, 76% used [0x00000000c0000000,0x00000000c33a5c80,0x00000000c4380000)
 Metaspace       used 5879K, capacity 7024K, committed 7296K, reserved 1056768K
  class space    used 563K, capacity 616K, committed 640K, reserved 1048576K
Event: 6.821 GC heap after
Heap after GC invocations=10 (full 1):
 PSYoungGen      total 86016K, used 32478K [0x00000000eab00000, 0x00000000f3600000, 0x0000000100000000)
  eden space 50176K, 0% used [0x00000000eab00000,0x00000000eab00000,0x00000000edc00000)
  from space 35840K, 90% used [0x00000000edc00000,0x00000000efbb7918,0x00000000eff00000)
  to   space 39936K, 0% used [0x00000000f0f00000,0x00000000f0f00000,0x00000000f3600000)
 ParOldGen       total 69120K, used 64355K [0x00000000c0000000, 0x00000000c4380000, 0x00000000eab00000)
  object space 69120K, 93% used [0x00000000c0000000,0x00000000c3ed8c40,0x00000000c4380000)
 Metaspace       used 5879K, capacity 7024K, committed 7296K, reserved 1056768K
  class space    used 563K, capacity 616K, committed 640K, reserved 1048576K
}
Event: 6.821 GC heap before
{Heap before GC invocations=11 (full 2):
 PSYoungGen      total 86016K, used 32478K [0x00000000eab00000, 0x00000000f3600000, 0x0000000100000000)
  eden space 50176K, 0% used [0x00000000eab00000,0x00000000eab00000,0x00000000edc00000)
  from space 35840K, 90% used [0x00000000edc00000,0x00000000efbb7918,0x00000000eff00000)
  to   space 39936K, 0% used [0x00000000f0f00000,0x00000000f0f00000,0x00000000f3600000)
 ParOldGen       total 69120K, used 64355K [0x00000000c0000000, 0x00000000c4380000, 0x00000000eab00000)
  object space 69120K, 93% used [0x00000000c0000000,0x00000000c3ed8c40,0x00000000c4380000)
 Metaspace       used 5879K, capacity 7024K, committed 7296K, reserved 1056768K
  class space    used 563K, capacity 616K, committed 640K, reserved 1048576K

Deoptimization events (10 events):
Event: 4.049 Thread 0x0000000016944800 Uncommon trap: reason=class_check action=maybe_recompile pc=0x0000000003093bfc method=com.android.dx.ssa.SsaMethod.isRegALocal(Lcom/android/dx/rop/code/RegisterSpec;)Z @ 16
Event: 4.049 Thread 0x0000000016944800 Uncommon trap: reason=class_check action=maybe_recompile pc=0x0000000003093bfc method=com.android.dx.ssa.SsaMethod.isRegALocal(Lcom/android/dx/rop/code/RegisterSpec;)Z @ 16
Event: 4.351 Thread 0x0000000016944800 Uncommon trap: reason=unstable_if action=reinterpret pc=0x00000000030b0188 method=com.android.dx.rop.code.InsnList.contentEquals(Lcom/android/dx/rop/code/InsnList;)Z @ 25
Event: 4.353 Thread 0x0000000016944800 Uncommon trap: reason=unstable_if action=reinterpret pc=0x00000000030cf65c method=com.android.dx.util.LabeledList.set(ILcom/android/dx/util/LabeledItem;)V @ 16
Event: 4.368 Thread 0x0000000016944800 Uncommon trap: reason=null_check action=make_not_entrant pc=0x000000000306e65c method=com.android.dx.rop.type.Type.equals(Ljava/lang/Object;)Z @ 8
Event: 4.439 Thread 0x0000000016944800 Uncommon trap: reason=class_check action=maybe_recompile pc=0x0000000003093bfc method=com.android.dx.ssa.SsaMethod.isRegALocal(Lcom/android/dx/rop/code/RegisterSpec;)Z @ 16
Event: 4.539 Thread 0x0000000016944800 Uncommon trap: reason=unstable_if action=reinterpret pc=0x0000000003131028 method=com.android.dx.rop.cst.CstLiteral32.equals(Ljava/lang/Object;)Z @ 26
Event: 6.085 Thread 0x00000000167c1000 Uncommon trap: reason=unstable_if action=reinterpret pc=0x00000000031d5afc method=com.android.dx.util.IntList.binarysearch(I)I @ 16
Event: 6.557 Thread 0x000000001690b000 Uncommon trap: reason=bimorphic action=maybe_recompile pc=0x00000000031d3770 method=com.android.dx.rop.code.InsnList.contentEquals(Lcom/android/dx/rop/code/InsnList;)Z @ 38
Event: 6.557 Thread 0x000000001690b000 Uncommon trap: reason=bimorphic action=maybe_recompile pc=0x00000000031d3770 method=com.android.dx.rop.code.InsnList.contentEquals(Lcom/android/dx/rop/code/InsnList;)Z @ 38

Internal exceptions (4 events):
Event: 0.047 Thread 0x0000000002ae0800 Exception <a 'java/lang/NoSuchMethodError': Method sun.misc.Unsafe.defineClass(Ljava/lang/String;[BII)Ljava/lang/Class; name or signature does not match> (0x00000000eab07cc0) thrown at [C:\src\android\AOSP-openjdk\external\jetbrains\jdk\hotspot\src\share\vuBkå2ò§?
Event: 0.047 Thread 0x0000000002ae0800 Exception <a 'java/lang/NoSuchMethodError': Method sun.misc.Unsafe.prefetchRead(Ljava/lang/Object;J)V name or signature does not match> (0x00000000eab07fa8) thrown at [C:\src\android\AOSP-openjdk\external\jetbrains\jdk\hotspot\src\share\vm\prims\jni.cpp, lbãm i0@
Event: 4.047 Thread 0x0000000016944800 Implicit null exception at 0x0000000002fce911 to 0x0000000002fcfd49
Event: 4.368 Thread 0x0000000016944800 Implicit null exception at 0x000000000306e55a to 0x000000000306e64f

Events (10 events):
Event: 6.557 Thread 0x000000001690b000 Uncommon trap: trap_request=0xffffffc6 fr.pc=0x00000000031d3770
Event: 6.557 Thread 0x000000001690b000 DEOPT PACKING pc=0x00000000031d3770 sp=0x0000000016dcee80
Event: 6.557 Thread 0x000000001690b000 DEOPT UNPACKING pc=0x0000000002c2556a sp=0x0000000016dcee20 mode 2
Event: 6.590 Thread 0x0000000002ae0800 DEOPT PACKING pc=0x000000000309a521 sp=0x000000000277e520
Event: 6.590 Thread 0x0000000002ae0800 DEOPT UNPACKING pc=0x0000000002c271bf sp=0x000000000277e288 mode 0
Event: 6.592 Thread 0x0000000002ae0800 DEOPT PACKING pc=0x00000000031bb385 sp=0x000000000277e480
Event: 6.592 Thread 0x0000000002ae0800 DEOPT UNPACKING pc=0x0000000002c271bf sp=0x000000000277e1b8 mode 0
Event: 6.717 Thread 0x0000000016944800 DEOPT PACKING pc=0x000000000314a92c sp=0x0000000016eceb80
Event: 6.717 Thread 0x0000000016944800 DEOPT UNPACKING pc=0x0000000002c271bf sp=0x0000000016ece918 mode 0
Event: 6.721 Executing VM operation: ParallelGCFailedAllocation


Dynamic libraries:
0x000007f6d62f0000 - 0x000007f6d6321000 	C:\Program Files\Android\Android Studio\jre\bin\java.exe
0x000007fe63230000 - 0x000007fe633ee000 	C:\Windows\SYSTEM32\ntdll.dll
0x000007fe61270000 - 0x000007fe613a6000 	C:\Windows\system32\KERNEL32.DLL
0x000007fe49630000 - 0x000007fe49642000 	C:\Program Files\AVAST Software\Avast\aswhook.dll
0x000007fe604f0000 - 0x000007fe605e3000 	C:\Windows\system32\KERNELBASE.dll
0x000007fe618e0000 - 0x000007fe619be000 	C:\Windows\system32\ADVAPI32.dll
0x000007fe61690000 - 0x000007fe617dc000 	C:\Windows\system32\USER32.dll
0x000007fe5d210000 - 0x000007fe5d479000 	C:\Windows\WinSxS\amd64_microsoft.windows.common-controls_6595b64144ccf1df_6.0.9200.16384_none_418c2a697189c07f\COMCTL32.dll
0x000007fe61ce0000 - 0x000007fe61d85000 	C:\Windows\system32\msvcrt.dll
0x000007fe61200000 - 0x000007fe61248000 	C:\Windows\SYSTEM32\sechost.dll
0x000007fe60a70000 - 0x000007fe60bb0000 	C:\Windows\system32\RPCRT4.dll
0x000007fe60c80000 - 0x000007fe60dc0000 	C:\Windows\system32\GDI32.dll
0x000007fe61850000 - 0x000007fe61889000 	C:\Windows\system32\IMM32.DLL
0x000007fe61a60000 - 0x000007fe61b74000 	C:\Windows\system32\MSCTF.dll
0x00000000694b0000 - 0x0000000069582000 	C:\Program Files\Android\Android Studio\jre\jre\bin\msvcr100.dll
0x0000000069670000 - 0x0000000069ea4000 	C:\Program Files\Android\Android Studio\jre\jre\bin\server\jvm.dll
0x000007fe5a360000 - 0x000007fe5a369000 	C:\Windows\SYSTEM32\WSOCK32.dll
0x000007fe5bbb0000 - 0x000007fe5bbd0000 	C:\Windows\SYSTEM32\WINMM.dll
0x000007fe5a4b0000 - 0x000007fe5a4b9000 	C:\Windows\SYSTEM32\VERSION.dll
0x000007fe63210000 - 0x000007fe63217000 	C:\Windows\system32\PSAPI.DLL
0x000007fe611a0000 - 0x000007fe611f8000 	C:\Windows\system32\WS2_32.dll
0x000007fe5bb70000 - 0x000007fe5bba2000 	C:\Windows\SYSTEM32\WINMMBASE.dll
0x000007fe63220000 - 0x000007fe63229000 	C:\Windows\system32\NSI.dll
0x000007fe5bb20000 - 0x000007fe5bb2f000 	C:\Program Files\Android\Android Studio\jre\jre\bin\verify.dll
0x000007fe47860000 - 0x000007fe47889000 	C:\Program Files\Android\Android Studio\jre\jre\bin\java.dll
0x000007fe55fb0000 - 0x000007fe55fc6000 	C:\Program Files\Android\Android Studio\jre\jre\bin\zip.dll
0x000007fe61f10000 - 0x000007fe631f5000 	C:\Windows\system32\SHELL32.dll
0x000007fe606a0000 - 0x000007fe60850000 	C:\Windows\SYSTEM32\combase.dll
0x000007fe61890000 - 0x000007fe618e0000 	C:\Windows\system32\SHLWAPI.dll
0x000007fe5d670000 - 0x000007fe5d706000 	C:\Windows\SYSTEM32\SHCORE.dll
0x000007fe60160000 - 0x000007fe60175000 	C:\Windows\SYSTEM32\profapi.dll
0x000007fe59510000 - 0x000007fe59673000 	C:\Windows\SYSTEM32\dbghelp.dll

VM Arguments:
jvm_args: -Djava.awt.headless=true -Xmx1024M -Dfile.encoding=windows-1252 -Duser.country=FR -Duser.language=fr -Duser.variant 
java_command: com.android.dx.command.Main --dex --force-jumbo --num-threads=4 --multi-dex --output C:\Users\Hassane\AndroidStudioProjects\LastTP\app\build\intermediates\transforms\dex\debug\folders\1000\5\slice_1 C:\Users\Hassane\AndroidStudioProjects\LastTP\app\build\intermediates\transforms\instantRunSlicer\debug\folders\1\5\slice_1
java_class_path (initial): C:\Users\Hassane\AppData\Local\Android\sdk\build-tools\24.0.3\lib\dx.jar
Launcher Type: SUN_STANDARD

Environment Variables:
PATH=C:\ProgramData\Oracle\Java\javapath;C:\Windows\system32;C:\Windows;C:\Windows\System32\Wbem;C:\Windows\System32\WindowsPowerShell\v1.0\;C:\xampp\php;C:\ProgramData\ComposerSetup\bin;C:\Gradle\gradle-5.4\bin;;C:\Users\Hassane\AppData\Local\Programs\Microsoft VS Code\bin;C:\Users\Hassane\AppData\Roaming\Composer\vendor\bin
USERNAME=Hassane
OS=Windows_NT
PROCESSOR_IDENTIFIER=Intel64 Family 6 Model 42 Stepping 7, GenuineIntel



---------------  S Y S T E M  ---------------

OS: Windows 8 , 64 bit Build 9200 (6.2.9200.16384)

CPU:total 2 (2 cores per cpu, 1 threads per core) family 6 model 42 stepping 7, cmov, cx8, fxsr, mmx, sse, sse2, sse3, ssse3, sse4.1, sse4.2, popcnt, clmul, tsc, tscinvbit

Memory: 4k page, physical 4042604k(619648k free), swap 8105836k(2795860k free)

vm_info: OpenJDK 64-Bit Server VM (25.76-b03) for windows-amd64 JRE (1.8.0_76-release-b03), built on Jun 29 2016 19:09:20 by "ralucas" with MS VC++ 10.0 (VS2010)

time: Sat May 25 14:00:41 2019
elapsed time: 7 seconds (0d 0h 0m 7s)

