#
# A fatal error has been detected by the Java Runtime Environment:
#
#  EXCEPTION_ACCESS_VIOLATION (0xc0000005) at pc=0x0000000062f63ad8, pid=6108, tid=0x00000000000019a0
#
# JRE version: OpenJDK Runtime Environment (8.0_76-b03) (build 1.8.0_76-release-b03)
# Java VM: OpenJDK 64-Bit Server VM (25.76-b03 mixed mode windows-amd64 compressed oops)
# Problematic frame:
# V  [jvm.dll+0x113ad8]
#
# Failed to write core dump. Minidumps are not enabled by default on client versions of Windows
#
# If you would like to submit a bug report, please visit:
#   http://bugreport.java.com/bugreport/crash.jsp
#

---------------  T H R E A D  ---------------

Current thread (0x0000000002106800):  GCTaskThread [stack: 0x0000000011920000,0x0000000011a20000] [id=6560]

siginfo: ExceptionCode=0xc0000005, reading address 0xffffffffffffffff

Registers:
RAX=0x0000000011b20000, RBX=0x0000000000000014, RCX=0x0000000000000000, RDX=0x0000000000000002
RSP=0x0000000011a1f2f0, RBP=0x00000000145ea1f0, RSI=0x00000000f0c13864, RDI=0x000000006b433e10
R8 =0x007fffffffd5a19f, R9 =0x00000000145ea1f0, R10=0x000000000000002c, R11=0x00000000f0c13890
R12=0x00000000f0c1386c, R13=0x0000000000000053, R14=0x00000000f0c13710, R15=0x0000000000000053
RIP=0x0000000062f63ad8, EFLAGS=0x0000000000010202

Top of Stack: (sp=0x0000000011a1f2f0)
0x0000000011a1f2f0:   0000000014a7a1a0 0000000062f3df5a
0x0000000011a1f300:   000000010008af60 00000000f0c00b14
0x0000000011a1f310:   00000000145ea1f0 0000000062f63bf3
0x0000000011a1f320:   0000000000000000 00000000000003d8
0x0000000011a1f330:   0000000002106fd8 00000000145b55d0
0x0000000011a1f340:   0000000000000014 000000006320eb00
0x0000000011a1f350:   00000000145ea1f0 0000000002100f60
0x0000000011a1f360:   0000000002106c00 0000000002106c00
0x0000000011a1f370:   0000000000000200 03030000fffffcff
0x0000000011a1f380:   0303030303030303 0000030303030303
0x0000000011a1f390:   0000000000000000 0000000015f28000
0x0000000011a1f3a0:   0000000002106c01 0000000002106b01
0x0000000011a1f3b0:   0000f81b704f6caa 0000000002106fd8
0x0000000011a1f3c0:   0000000002106c00 00000000000003d8
0x0000000011a1f3d0:   0000000002106c00 0000000002100f60
0x0000000011a1f3e0:   0000000002106bf0 00000000145b55d0 

Instructions: (pc=0x0000000062f63ad8)
0x0000000062f63ab8:   05 43 62 6a 00 49 c1 e8 03 49 d3 e8 41 0f b6 c0
0x0000000062f63ac8:   49 c1 e8 06 24 3f 0f b6 d0 48 8b 05 58 62 6a 00
0x0000000062f63ad8:   4a 8b 0c c0 48 0f a3 d1 72 3e 48 8b cf e8 46 0d
0x0000000062f63ae8:   fd ff 84 c0 74 32 48 8b d7 48 8b cd e8 17 dc fc 


Register to memory mapping:

RAX=0x0000000011b20000 is an unknown value
RBX=0x0000000000000014 is an unknown value
RCX=0x0000000000000000 is an unknown value
RDX=0x0000000000000002 is an unknown value
RSP=0x0000000011a1f2f0 is an unknown value
RBP=0x00000000145ea1f0 is an unknown value
RSI=0x00000000f0c13864 is an unknown value
RDI=0x000000006b433e10 is an unknown value
R8 =0x007fffffffd5a19f is an unknown value
R9 =0x00000000145ea1f0 is an unknown value
R10=0x000000000000002c is an unknown value
R11=0x00000000f0c13890 is an oop
com.android.dx.dex.code.CodeAddress 
 - klass: 'com/android/dx/dex/code/CodeAddress'
R12=0x00000000f0c1386c is an unknown value
R13=0x0000000000000053 is an unknown value
R14=0x00000000f0c13710 is an oop
[Lcom.android.dx.dex.code.CodeAddress; 
 - klass: 'com/android/dx/dex/code/CodeAddress'[]
 - length: 83
R15=0x0000000000000053 is an unknown value


Stack: [0x0000000011920000,0x0000000011a20000],  sp=0x0000000011a1f2f0,  free space=1020k
Native frames: (J=compiled Java code, j=interpreted, Vv=VM code, C=native code)
V  [jvm.dll+0x113ad8]
V  [jvm.dll+0x3beb00]
V  [jvm.dll+0x3bbb23]
V  [jvm.dll+0x3b997e]
V  [jvm.dll+0x26b60a]
C  [msvcr100.dll+0x21d9f]
C  [msvcr100.dll+0x21e3b]
C  [KERNEL32.DLL+0x167e]
C  [ntdll.dll+0x1c3f1]


---------------  P R O C E S S  ---------------

Java Threads: ( => current thread )
  0x0000000015e05000 JavaThread "pool-2-thread-4" [_thread_blocked, id=4008, stack(0x0000000016d10000,0x0000000016e10000)]
  0x0000000015f28000 JavaThread "pool-2-thread-2" [_thread_blocked, id=6160, stack(0x0000000016310000,0x0000000016410000)]
  0x0000000015dfd800 JavaThread "pool-3-thread-1" [_thread_blocked, id=5156, stack(0x0000000016210000,0x0000000016310000)]
  0x0000000015dfc800 JavaThread "pool-2-thread-1" [_thread_blocked, id=2236, stack(0x0000000016110000,0x0000000016210000)]
  0x0000000014699000 JavaThread "Service Thread" daemon [_thread_blocked, id=7448, stack(0x0000000015b10000,0x0000000015c10000)]
  0x0000000014695800 JavaThread "C1 CompilerThread1" daemon [_thread_blocked, id=1812, stack(0x0000000015a10000,0x0000000015b10000)]
  0x0000000014692800 JavaThread "C2 CompilerThread0" daemon [_thread_blocked, id=3052, stack(0x0000000015910000,0x0000000015a10000)]
  0x0000000014691000 JavaThread "Attach Listener" daemon [_thread_blocked, id=2952, stack(0x0000000015810000,0x0000000015910000)]
  0x000000001469e000 JavaThread "Signal Dispatcher" daemon [_thread_blocked, id=5600, stack(0x0000000015710000,0x0000000015810000)]
  0x0000000014678000 JavaThread "Finalizer" daemon [_thread_blocked, id=4404, stack(0x00000000152d0000,0x00000000153d0000)]
  0x0000000014653800 JavaThread "Reference Handler" daemon [_thread_blocked, id=8084, stack(0x00000000151d0000,0x00000000152d0000)]
  0x00000000020f0800 JavaThread "main" [_thread_blocked, id=628, stack(0x0000000001cf0000,0x0000000001df0000)]

Other Threads:
  0x000000001464b800 VMThread [stack: 0x00000000150d0000,0x00000000151d0000] [id=6048]
  0x000000001469c000 WatcherThread [stack: 0x0000000015c10000,0x0000000015d10000] [id=4044]

=>0x0000000002106800 (exited) GCTaskThread [stack: 0x0000000011920000,0x0000000011a20000] [id=6560]

VM state:at safepoint (normal execution)

VM Mutex/Monitor currently owned by a thread:  ([mutex/lock_event])
[0x0000000001ccbf30] Threads_lock - owner thread: 0x000000001464b800
[0x0000000001ccc030] Heap_lock - owner thread: 0x0000000015e05000

Heap:
 PSYoungGen      total 99840K, used 30701K [0x00000000eab00000, 0x00000000f5780000, 0x0000000100000000)
  eden space 69120K, 0% used [0x00000000eab00000,0x00000000eab00000,0x00000000eee80000)
  from space 30720K, 99% used [0x00000000eee80000,0x00000000f0c7b488,0x00000000f0c80000)
  to   space 41984K, 0% used [0x00000000f2e80000,0x00000000f2e80000,0x00000000f5780000)
 ParOldGen       total 70656K, used 56533K [0x00000000c0000000, 0x00000000c4500000, 0x00000000eab00000)
  object space 70656K, 80% used [0x00000000c0000000,0x00000000c3735620,0x00000000c4500000)
 Metaspace       used 5982K, capacity 7088K, committed 7296K, reserved 1056768K
  class space    used 564K, capacity 616K, committed 640K, reserved 1048576K

Card table byte_map: [0x00000000115b0000,0x00000000117c0000] byte_map_base: 0x0000000010fb0000

Marking Bits: (ParMarkBitMap*) 0x0000000063609d00
 Begin Bits: [0x0000000011b20000, 0x0000000012b20000)
 End Bits:   [0x0000000012b20000, 0x0000000013b20000)

Polling page: 0x0000000001cb0000

CodeCache: size=245760Kb used=7230Kb max_used=7233Kb free=238529Kb
 bounds [0x00000000021f0000, 0x0000000002910000, 0x00000000111f0000]
 total_blobs=1883 nmethods=1622 adapters=175
 compilation: enabled

Compilation events (10 events):
Event: 7.179 Thread 0x0000000014695800 1665 %     3       com.android.dx.ssa.PhiTypeResolver::run @ 10 (179 bytes)
Event: 7.181 Thread 0x0000000014695800 nmethod 1665% 0x00000000028eda10 code [0x00000000028edca0, 0x00000000028eeec8]
Event: 7.181 Thread 0x0000000014695800 1666       3       com.android.dx.ssa.PhiTypeResolver::run (179 bytes)
Event: 7.182 Thread 0x0000000014695800 nmethod 1666 0x00000000028ff850 code [0x00000000028ffae0, 0x0000000002900c88]
Event: 7.183 Thread 0x0000000014695800 1667 %     3       com.android.dx.ssa.back.InterferenceGraph::<init> @ 18 (42 bytes)
Event: 7.184 Thread 0x0000000014692800 nmethod 1657% 0x0000000002903a90 code [0x0000000002903c60, 0x0000000002904af8]
Event: 7.184 Thread 0x0000000014692800 1664       4       com.android.dx.ssa.PhiInsn::mapSourceRegisters (78 bytes)
Event: 7.185 Thread 0x0000000014695800 nmethod 1667% 0x00000000028ec210 code [0x00000000028ec440, 0x00000000028ed1f8]
Event: 7.185 Thread 0x0000000014695800 1668       3       com.android.dx.ssa.back.InterferenceGraph::<init> (42 bytes)
Event: 7.186 Thread 0x0000000014695800 nmethod 1668 0x0000000002902350 code [0x0000000002902580, 0x00000000029032b8]

GC Heap History (10 events):
Event: 3.909 GC heap after
Heap after GC invocations=6 (full 1):
 PSYoungGen      total 34304K, used 0K [0x00000000eab00000, 0x00000000f0a00000, 0x0000000100000000)
  eden space 31744K, 0% used [0x00000000eab00000,0x00000000eab00000,0x00000000eca00000)
  from space 2560K, 0% used [0x00000000eca00000,0x00000000eca00000,0x00000000ecc80000)
  to   space 16896K, 0% used [0x00000000ef980000,0x00000000ef980000,0x00000000f0a00000)
 ParOldGen       total 70656K, used 32024K [0x00000000c0000000, 0x00000000c4500000, 0x00000000eab00000)
  object space 70656K, 45% used [0x00000000c0000000,0x00000000c1f46290,0x00000000c4500000)
 Metaspace       used 5724K, capacity 6832K, committed 7040K, reserved 1056768K
  class space    used 556K, capacity 616K, committed 640K, reserved 1048576K
}
Event: 4.247 GC heap before
{Heap before GC invocations=7 (full 1):
 PSYoungGen      total 34304K, used 31744K [0x00000000eab00000, 0x00000000f0a00000, 0x0000000100000000)
  eden space 31744K, 100% used [0x00000000eab00000,0x00000000eca00000,0x00000000eca00000)
  from space 2560K, 0% used [0x00000000eca00000,0x00000000eca00000,0x00000000ecc80000)
  to   space 16896K, 0% used [0x00000000ef980000,0x00000000ef980000,0x00000000f0a00000)
 ParOldGen       total 70656K, used 32024K [0x00000000c0000000, 0x00000000c4500000, 0x00000000eab00000)
  object space 70656K, 45% used [0x00000000c0000000,0x00000000c1f46290,0x00000000c4500000)
 Metaspace       used 5746K, capacity 6832K, committed 7040K, reserved 1056768K
  class space    used 556K, capacity 616K, committed 640K, reserved 1048576K
Event: 4.320 GC heap after
Heap after GC invocations=7 (full 1):
 PSYoungGen      total 65536K, used 16537K [0x00000000eab00000, 0x00000000f0a00000, 0x0000000100000000)
  eden space 48640K, 0% used [0x00000000eab00000,0x00000000eab00000,0x00000000eda80000)
  from space 16896K, 97% used [0x00000000ef980000,0x00000000f09a66e8,0x00000000f0a00000)
  to   space 19456K, 0% used [0x00000000ee400000,0x00000000ee400000,0x00000000ef700000)
 ParOldGen       total 70656K, used 32024K [0x00000000c0000000, 0x00000000c4500000, 0x00000000eab00000)
  object space 70656K, 45% used [0x00000000c0000000,0x00000000c1f46290,0x00000000c4500000)
 Metaspace       used 5746K, capacity 6832K, committed 7040K, reserved 1056768K
  class space    used 556K, capacity 616K, committed 640K, reserved 1048576K
}
Event: 5.077 GC heap before
{Heap before GC invocations=8 (full 1):
 PSYoungGen      total 65536K, used 65177K [0x00000000eab00000, 0x00000000f0a00000, 0x0000000100000000)
  eden space 48640K, 100% used [0x00000000eab00000,0x00000000eda80000,0x00000000eda80000)
  from space 16896K, 97% used [0x00000000ef980000,0x00000000f09a66e8,0x00000000f0a00000)
  to   space 19456K, 0% used [0x00000000ee400000,0x00000000ee400000,0x00000000ef700000)
 ParOldGen       total 70656K, used 32024K [0x00000000c0000000, 0x00000000c4500000, 0x00000000eab00000)
  object space 70656K, 45% used [0x00000000c0000000,0x00000000c1f46290,0x00000000c4500000)
 Metaspace       used 5760K, capacity 6896K, committed 7040K, reserved 1056768K
  class space    used 556K, capacity 616K, committed 640K, reserved 1048576K
Event: 5.131 GC heap after
Heap after GC invocations=8 (full 1):
 PSYoungGen      total 77824K, used 19426K [0x00000000eab00000, 0x00000000f2600000, 0x0000000100000000)
  eden space 58368K, 0% used [0x00000000eab00000,0x00000000eab00000,0x00000000ee400000)
  from space 19456K, 99% used [0x00000000ee400000,0x00000000ef6f8a40,0x00000000ef700000)
  to   space 26112K, 0% used [0x00000000f0c80000,0x00000000f0c80000,0x00000000f2600000)
 ParOldGen       total 70656K, used 39034K [0x00000000c0000000, 0x00000000c4500000, 0x00000000eab00000)
  object space 70656K, 55% used [0x00000000c0000000,0x00000000c261e858,0x00000000c4500000)
 Metaspace       used 5760K, capacity 6896K, committed 7040K, reserved 1056768K
  class space    used 556K, capacity 616K, committed 640K, reserved 1048576K
}
Event: 6.212 GC heap before
{Heap before GC invocations=9 (full 1):
 PSYoungGen      total 77824K, used 77794K [0x00000000eab00000, 0x00000000f2600000, 0x0000000100000000)
  eden space 58368K, 100% used [0x00000000eab00000,0x00000000ee400000,0x00000000ee400000)
  from space 19456K, 99% used [0x00000000ee400000,0x00000000ef6f8a40,0x00000000ef700000)
  to   space 26112K, 0% used [0x00000000f0c80000,0x00000000f0c80000,0x00000000f2600000)
 ParOldGen       total 70656K, used 39034K [0x00000000c0000000, 0x00000000c4500000, 0x00000000eab00000)
  object space 70656K, 55% used [0x00000000c0000000,0x00000000c261e858,0x00000000c4500000)
 Metaspace       used 5919K, capacity 7024K, committed 7296K, reserved 1056768K
  class space    used 562K, capacity 616K, committed 640K, reserved 1048576K
Event: 6.355 GC heap after
Heap after GC invocations=9 (full 1):
 PSYoungGen      total 95232K, used 26090K [0x00000000eab00000, 0x00000000f3f00000, 0x0000000100000000)
  eden space 69120K, 0% used [0x00000000eab00000,0x00000000eab00000,0x00000000eee80000)
  from space 26112K, 99% used [0x00000000f0c80000,0x00000000f25fa848,0x00000000f2600000)
  to   space 30720K, 0% used [0x00000000eee80000,0x00000000eee80000,0x00000000f0c80000)
 ParOldGen       total 70656K, used 39454K [0x00000000c0000000, 0x00000000c4500000, 0x00000000eab00000)
  object space 70656K, 55% used [0x00000000c0000000,0x00000000c2687ba8,0x00000000c4500000)
 Metaspace       used 5919K, capacity 7024K, committed 7296K, reserved 1056768K
  class space    used 562K, capacity 616K, committed 640K, reserved 1048576K
}
Event: 7.191 GC heap before
{Heap before GC invocations=10 (full 1):
 PSYoungGen      total 95232K, used 95210K [0x00000000eab00000, 0x00000000f3f00000, 0x0000000100000000)
  eden space 69120K, 100% used [0x00000000eab00000,0x00000000eee80000,0x00000000eee80000)
  from space 26112K, 99% used [0x00000000f0c80000,0x00000000f25fa848,0x00000000f2600000)
  to   space 30720K, 0% used [0x00000000eee80000,0x00000000eee80000,0x00000000f0c80000)
 ParOldGen       total 70656K, used 39454K [0x00000000c0000000, 0x00000000c4500000, 0x00000000eab00000)
  object space 70656K, 55% used [0x00000000c0000000,0x00000000c2687ba8,0x00000000c4500000)
 Metaspace       used 5982K, capacity 7088K, committed 7296K, reserved 1056768K
  class space    used 564K, capacity 616K, committed 640K, reserved 1048576K
Event: 7.291 GC heap after
Heap after GC invocations=10 (full 1):
 PSYoungGen      total 99840K, used 30701K [0x00000000eab00000, 0x00000000f5780000, 0x0000000100000000)
  eden space 69120K, 0% used [0x00000000eab00000,0x00000000eab00000,0x00000000eee80000)
  from space 30720K, 99% used [0x00000000eee80000,0x00000000f0c7b488,0x00000000f0c80000)
  to   space 41984K, 0% used [0x00000000f2e80000,0x00000000f2e80000,0x00000000f5780000)
 ParOldGen       total 70656K, used 56533K [0x00000000c0000000, 0x00000000c4500000, 0x00000000eab00000)
  object space 70656K, 80% used [0x00000000c0000000,0x00000000c3735620,0x00000000c4500000)
 Metaspace       used 5982K, capacity 7088K, committed 7296K, reserved 1056768K
  class space    used 564K, capacity 616K, committed 640K, reserved 1048576K
}
Event: 7.291 GC heap before
{Heap before GC invocations=11 (full 2):
 PSYoungGen      total 99840K, used 30701K [0x00000000eab00000, 0x00000000f5780000, 0x0000000100000000)
  eden space 69120K, 0% used [0x00000000eab00000,0x00000000eab00000,0x00000000eee80000)
  from space 30720K, 99% used [0x00000000eee80000,0x00000000f0c7b488,0x00000000f0c80000)
  to   space 41984K, 0% used [0x00000000f2e80000,0x00000000f2e80000,0x00000000f5780000)
 ParOldGen       total 70656K, used 56533K [0x00000000c0000000, 0x00000000c4500000, 0x00000000eab00000)
  object space 70656K, 80% used [0x00000000c0000000,0x00000000c3735620,0x00000000c4500000)
 Metaspace       used 5982K, capacity 7088K, committed 7296K, reserved 1056768K
  class space    used 564K, capacity 616K, committed 640K, reserved 1048576K

Deoptimization events (10 events):
Event: 2.680 Thread 0x00000000020f0800 Uncommon trap: reason=unstable_if action=reinterpret pc=0x0000000002636238 method=com.android.dx.cf.code.Ropper.labelToResultIndex(I)I @ 34
Event: 3.270 Thread 0x0000000015f28000 Uncommon trap: reason=class_check action=maybe_recompile pc=0x00000000024d2a38 method=com.android.dx.ssa.NormalSsaInsn.accept(Lcom/android/dx/ssa/SsaInsn$Visitor;)V @ 9
Event: 3.270 Thread 0x0000000015f28000 Uncommon trap: reason=class_check action=maybe_recompile pc=0x00000000024d2a38 method=com.android.dx.ssa.NormalSsaInsn.accept(Lcom/android/dx/ssa/SsaInsn$Visitor;)V @ 9
Event: 3.272 Thread 0x0000000015f28000 Uncommon trap: reason=class_check action=maybe_recompile pc=0x00000000024d2a38 method=com.android.dx.ssa.NormalSsaInsn.accept(Lcom/android/dx/ssa/SsaInsn$Visitor;)V @ 9
Event: 5.421 Thread 0x0000000015dfc800 Uncommon trap: reason=null_check action=make_not_entrant pc=0x0000000002632560 method=com.android.dx.rop.type.Type.equals(Ljava/lang/Object;)Z @ 8
Event: 5.584 Thread 0x0000000015dfc800 Uncommon trap: reason=class_check action=maybe_recompile pc=0x00000000026aace0 method=com.android.dx.cf.code.RopperMachine.run(Lcom/android/dx/cf/code/Frame;II)V @ 978
Event: 5.584 Thread 0x0000000015dfc800 Uncommon trap: reason=unstable_if action=reinterpret pc=0x00000000026ab83c method=com.android.dx.cf.code.RopperMachine.run(Lcom/android/dx/cf/code/Frame;II)V @ 1019
Event: 5.623 Thread 0x0000000015dfc800 Uncommon trap: reason=class_check action=maybe_recompile pc=0x00000000026f6228 method=com.android.dx.cf.code.BytecodeArray.parseInstruction(ILcom/android/dx/cf/code/BytecodeArray$Visitor;)I @ 1891
Event: 5.629 Thread 0x0000000015dfc800 Uncommon trap: reason=class_check action=maybe_recompile pc=0x00000000026f6228 method=com.android.dx.cf.code.BytecodeArray.parseInstruction(ILcom/android/dx/cf/code/BytecodeArray$Visitor;)I @ 1891
Event: 5.780 Thread 0x0000000015e05000 Uncommon trap: reason=null_check action=make_not_entrant pc=0x0000000002709d8c method=com.android.dx.ssa.SsaRenamer.getLocalForNewReg(I)Lcom/android/dx/rop/code/LocalItem; @ 19

Internal exceptions (4 events):
Event: 0.055 Thread 0x00000000020f0800 Exception <a 'java/lang/NoSuchMethodError': Method sun.misc.Unsafe.defineClass(Ljava/lang/String;[BII)Ljava/lang/Class; name or signature does not match> (0x00000000eab07cc0) thrown at [C:\src\android\AOSP-openjdk\external\jetbrains\jdk\hotspot\src\share\v¡ƒ-³õ¬?
Event: 0.055 Thread 0x00000000020f0800 Exception <a 'java/lang/NoSuchMethodError': Method sun.misc.Unsafe.prefetchRead(Ljava/lang/Object;J)V name or signature does not match> (0x00000000eab07fa8) thrown at [C:\src\android\AOSP-openjdk\external\jetbrains\jdk\hotspot\src\share\vm\prims\jni.cpp, lÜ)“ÎÂ®@
Event: 5.421 Thread 0x0000000015dfc800 Implicit null exception at 0x0000000002632462 to 0x0000000002632552
Event: 5.780 Thread 0x0000000015e05000 Implicit null exception at 0x000000000270890d to 0x0000000002709d49

Events (10 events):
Event: 7.165 Thread 0x0000000015e05000 DEOPT UNPACKING pc=0x00000000022371bf sp=0x0000000016e0e948 mode 0
Event: 7.166 Thread 0x0000000015e05000 DEOPT PACKING pc=0x00000000026d0b61 sp=0x0000000016e0ebb0
Event: 7.166 Thread 0x0000000015e05000 DEOPT UNPACKING pc=0x00000000022371bf sp=0x0000000016e0e948 mode 0
Event: 7.166 Thread 0x0000000015e05000 DEOPT PACKING pc=0x00000000026d0b61 sp=0x0000000016e0ebb0
Event: 7.167 Thread 0x0000000015e05000 DEOPT UNPACKING pc=0x00000000022371bf sp=0x0000000016e0e948 mode 0
Event: 7.182 Thread 0x0000000015e05000 DEOPT PACKING pc=0x00000000027c6a57 sp=0x0000000016e0ee20
Event: 7.182 Thread 0x0000000015e05000 DEOPT UNPACKING pc=0x00000000022371bf sp=0x0000000016e0eb50 mode 0
Event: 7.188 Thread 0x0000000015e05000 DEOPT PACKING pc=0x00000000027ca26a sp=0x0000000016e0ed30
Event: 7.188 Thread 0x0000000015e05000 DEOPT UNPACKING pc=0x00000000022371bf sp=0x0000000016e0eae8 mode 0
Event: 7.189 Executing VM operation: ParallelGCFailedAllocation


Dynamic libraries:
0x000007f6621c0000 - 0x000007f6621f1000 	C:\Program Files\Android\Android Studio\jre\bin\java.exe
0x000007fe6a730000 - 0x000007fe6a8ee000 	C:\Windows\SYSTEM32\ntdll.dll
0x000007fe67bf0000 - 0x000007fe67d26000 	C:\Windows\system32\KERNEL32.DLL
0x000007fe4d320000 - 0x000007fe4d332000 	C:\Program Files\AVAST Software\Avast\aswhook.dll
0x000007fe67730000 - 0x000007fe67823000 	C:\Windows\system32\KERNELBASE.dll
0x000007fe6a000000 - 0x000007fe6a0de000 	C:\Windows\system32\ADVAPI32.dll
0x000007fe696d0000 - 0x000007fe6981c000 	C:\Windows\system32\USER32.dll
0x000007fe63ab0000 - 0x000007fe63d19000 	C:\Windows\WinSxS\amd64_microsoft.windows.common-controls_6595b64144ccf1df_6.0.9200.16384_none_418c2a697189c07f\COMCTL32.dll
0x000007fe6a140000 - 0x000007fe6a1e5000 	C:\Windows\system32\msvcrt.dll
0x000007fe67ba0000 - 0x000007fe67be8000 	C:\Windows\SYSTEM32\sechost.dll
0x000007fe69d80000 - 0x000007fe69ec0000 	C:\Windows\system32\RPCRT4.dll
0x000007fe67f00000 - 0x000007fe68040000 	C:\Windows\system32\GDI32.dll
0x000007fe69330000 - 0x000007fe69369000 	C:\Windows\system32\IMM32.DLL
0x000007fe69ec0000 - 0x000007fe69fd4000 	C:\Windows\system32\MSCTF.dll
0x0000000062c60000 - 0x0000000062d32000 	C:\Program Files\Android\Android Studio\jre\jre\bin\msvcr100.dll
0x0000000062e50000 - 0x0000000063684000 	C:\Program Files\Android\Android Studio\jre\jre\bin\server\jvm.dll
0x000007fe618b0000 - 0x000007fe618b9000 	C:\Windows\SYSTEM32\WSOCK32.dll
0x000007fe63d60000 - 0x000007fe63d80000 	C:\Windows\SYSTEM32\WINMM.dll
0x000007fe62590000 - 0x000007fe62599000 	C:\Windows\SYSTEM32\VERSION.dll
0x000007fe69ca0000 - 0x000007fe69ca7000 	C:\Windows\system32\PSAPI.DLL
0x000007fe69d20000 - 0x000007fe69d78000 	C:\Windows\system32\WS2_32.dll
0x000007fe63d20000 - 0x000007fe63d52000 	C:\Windows\SYSTEM32\WINMMBASE.dll
0x000007fe6a130000 - 0x000007fe6a139000 	C:\Windows\system32\NSI.dll
0x000007fe63190000 - 0x000007fe6319f000 	C:\Program Files\Android\Android Studio\jre\jre\bin\verify.dll
0x000007fe62ae0000 - 0x000007fe62b09000 	C:\Program Files\Android\Android Studio\jre\jre\bin\java.dll
0x000007fe62310000 - 0x000007fe62326000 	C:\Program Files\Android\Android Studio\jre\jre\bin\zip.dll
0x000007fe68040000 - 0x000007fe69325000 	C:\Windows\system32\SHELL32.dll
0x000007fe6a1f0000 - 0x000007fe6a3a0000 	C:\Windows\SYSTEM32\combase.dll
0x000007fe6a0e0000 - 0x000007fe6a130000 	C:\Windows\system32\SHLWAPI.dll
0x000007fe65dc0000 - 0x000007fe65e56000 	C:\Windows\SYSTEM32\SHCORE.dll
0x000007fe67660000 - 0x000007fe67675000 	C:\Windows\SYSTEM32\profapi.dll
0x000007fe60a10000 - 0x000007fe60b73000 	C:\Windows\SYSTEM32\dbghelp.dll

VM Arguments:
jvm_args: -Djava.awt.headless=true -Xmx1024M -Dfile.encoding=windows-1252 -Duser.country=FR -Duser.language=fr -Duser.variant 
java_command: com.android.dx.command.Main --dex --force-jumbo --num-threads=4 --multi-dex --output C:\Users\Hassane\AndroidStudioProjects\LastTP\app\build\intermediates\transforms\dex\debug\folders\1000\5\slice_1 C:\Users\Hassane\AndroidStudioProjects\LastTP\app\build\intermediates\transforms\instantRunSlicer\debug\folders\1\5\slice_1
java_class_path (initial): C:\Users\Hassane\AppData\Local\Android\sdk\build-tools\24.0.3\lib\dx.jar
Launcher Type: SUN_STANDARD

Environment Variables:
PATH=C:\ProgramData\Oracle\Java\javapath;C:\Windows\system32;C:\Windows;C:\Windows\System32\Wbem;C:\Windows\System32\WindowsPowerShell\v1.0\;C:\xampp\php;C:\ProgramData\ComposerSetup\bin;C:\Gradle\gradle-5.4\bin;;C:\Users\Hassane\AppData\Local\Programs\Microsoft VS Code\bin;C:\Users\Hassane\AppData\Roaming\Composer\vendor\bin
USERNAME=Hassane
OS=Windows_NT
PROCESSOR_IDENTIFIER=Intel64 Family 6 Model 42 Stepping 7, GenuineIntel



---------------  S Y S T E M  ---------------

OS: Windows 8 , 64 bit Build 9200 (6.2.9200.16384)

CPU:total 2 (2 cores per cpu, 1 threads per core) family 6 model 42 stepping 7, cmov, cx8, fxsr, mmx, sse, sse2, sse3, ssse3, sse4.1, sse4.2, popcnt, clmul, tsc, tscinvbit

Memory: 4k page, physical 4042604k(807628k free), swap 8105836k(3954140k free)

vm_info: OpenJDK 64-Bit Server VM (25.76-b03) for windows-amd64 JRE (1.8.0_76-release-b03), built on Jun 29 2016 19:09:20 by "ralucas" with MS VC++ 10.0 (VS2010)

time: Sun Apr 21 10:40:27 2019
elapsed time: 8 seconds (0d 0h 0m 8s)

