#
# A fatal error has been detected by the Java Runtime Environment:
#
#  EXCEPTION_ACCESS_VIOLATION (0xc0000005) at pc=0x0000000002779c7c, pid=4676, tid=0x000000000000188c
#
# JRE version: OpenJDK Runtime Environment (8.0_76-b03) (build 1.8.0_76-release-b03)
# Java VM: OpenJDK 64-Bit Server VM (25.76-b03 mixed mode windows-amd64 compressed oops)
# Problematic frame:
# J 1368 C1 com.android.dx.rop.code.RegisterSpecSet.withOffset(I)Lcom/android/dx/rop/code/RegisterSpecSet; (77 bytes) @ 0x0000000002779c7c [0x0000000002779940+0x33c]
#
# Failed to write core dump. Minidumps are not enabled by default on client versions of Windows
#
# If you would like to submit a bug report, please visit:
#   http://bugreport.java.com/bugreport/crash.jsp
#

---------------  T H R E A D  ---------------

Current thread (0x0000000015e44000):  JavaThread "pool-1-thread-1" [_thread_in_Java, id=6284, stack(0x0000000016140000,0x0000000016240000)]

siginfo: ExceptionCode=0xc0000005, reading address 0x000000006ad970c8

Registers:
RAX=0x00000000143c7078, RBX=0x000000000000140a, RCX=0x00000000c003dcc8, RDX=0x000000006ad970c8
RSP=0x000000001623ed30, RBP=0x000000001623ef08, RSI=0x0000000000000015, RDI=0x0000000000000148
R8 =0x0000000000000001, R9 =0x00000000143c7078, R10=0x00000000eb158bd8, R11=0x0000000000000017
R12=0x0000000000000000, R13=0x00000000ebecc590, R14=0x00000000eb158bd8, R15=0x0000000015e44000
RIP=0x0000000002779c7c, EFLAGS=0x0000000000010202

Top of Stack: (sp=0x000000001623ed30)
0x000000001623ed30:   0000000000000001 0000000100000000
0x000000001623ed40:   0000000000000007 00000000143050c9
0x000000001623ed50:   000000001623ef08 0000000002620ab4
0x000000001623ed60:   000000001623ef08 000000000277de54
0x000000001623ed70:   0000000000000007 000000001623edb0
0x000000001623ed80:   00000000ebecc878 00000000eb158610
0x000000001623ed90:   000000001623ee98 000000000277becc
0x000000001623eda0:   000000001623ee28 0000000002257a2d
0x000000001623edb0:   00000000ebebaf50 00000000eb158bd8
0x000000001623edc0:   0000000100000014 0000000000000017
0x000000001623edd0:   00000000ebecc590 000000000278b924
0x000000001623ede0:   000000001623ef08 0000000002778b24
0x000000001623edf0:   00000000142e0361 0000000100000002
0x000000001623ee00:   00000000ebecc780 00000000eb158ab8
0x000000001623ee10:   0000000000000001 0000000000000000
0x000000001623ee20:   000000001623ee50 00000000ebecc758 

Instructions: (pc=0x0000000002779c7c)
0x0000000002779c5c:   00 00 49 8b 1c 39 48 8d 5b 01 49 89 1c 39 0f 85
0x0000000002779c6c:   0c 00 00 00 89 b4 24 90 00 00 00 e9 38 03 00 00
0x0000000002779c7c:   48 3b 02 4c 8b ca 48 bf 78 70 3c 14 00 00 00 00
0x0000000002779c8c:   45 8b 49 08 49 c1 e1 03 4c 3b 8f 60 01 00 00 75 


Register to memory mapping:

RAX=0x00000000143c7078 is pointing into metadata
RBX=0x000000000000140a is an unknown value
RCX=0x00000000c003dcc8 is an oop
com.android.dx.rop.code.RegisterSpec 
 - klass: 'com/android/dx/rop/code/RegisterSpec'
RDX=0x000000006ad970c8 is an unknown value
RSP=0x000000001623ed30 is pointing into the stack for thread: 0x0000000015e44000
RBP=0x000000001623ef08 is pointing into the stack for thread: 0x0000000015e44000
RSI=0x0000000000000015 is an unknown value
RDI=0x0000000000000148 is an unknown value
R8 =0x0000000000000001 is an unknown value
R9 =0x00000000143c7078 is pointing into metadata
R10=0x00000000eb158bd8 is an oop
com.android.dx.rop.code.RegisterSpecSet 
 - klass: 'com/android/dx/rop/code/RegisterSpecSet'
R11=0x0000000000000017 is an unknown value
R12=0x0000000000000000 is an unknown value
R13=0x00000000ebecc590 is an oop
com.android.dx.rop.code.RegisterSpecSet 
 - klass: 'com/android/dx/rop/code/RegisterSpecSet'
R14=0x00000000eb158bd8 is an oop
com.android.dx.rop.code.RegisterSpecSet 
 - klass: 'com/android/dx/rop/code/RegisterSpecSet'
R15=0x0000000015e44000 is a thread


Stack: [0x0000000016140000,0x0000000016240000],  sp=0x000000001623ed30,  free space=1019k
Native frames: (J=compiled Java code, j=interpreted, Vv=VM code, C=native code)
C  0x0000000002779c7c


---------------  P R O C E S S  ---------------

Java Threads: ( => current thread )
=>0x0000000015e44000 JavaThread "pool-1-thread-1" [_thread_in_Java, id=6284, stack(0x0000000016140000,0x0000000016240000)]
  0x0000000014738000 JavaThread "Service Thread" daemon [_thread_blocked, id=8232, stack(0x0000000015b40000,0x0000000015c40000)]
  0x0000000014733000 JavaThread "C1 CompilerThread1" daemon [_thread_blocked, id=2204, stack(0x0000000015a40000,0x0000000015b40000)]
  0x00000000146d3800 JavaThread "C2 CompilerThread0" daemon [_thread_blocked, id=4612, stack(0x0000000015940000,0x0000000015a40000)]
  0x00000000146d2000 JavaThread "Attach Listener" daemon [_thread_blocked, id=3208, stack(0x0000000015840000,0x0000000015940000)]
  0x00000000146df000 JavaThread "Signal Dispatcher" daemon [_thread_blocked, id=9064, stack(0x0000000015740000,0x0000000015840000)]
  0x00000000146b9000 JavaThread "Finalizer" daemon [_thread_blocked, id=5772, stack(0x0000000015310000,0x0000000015410000)]
  0x0000000014694000 JavaThread "Reference Handler" daemon [_thread_blocked, id=8004, stack(0x0000000015210000,0x0000000015310000)]
  0x0000000002150800 JavaThread "main" [_thread_blocked, id=8836, stack(0x0000000001d60000,0x0000000001e60000)]

Other Threads:
  0x000000001468d000 VMThread [stack: 0x0000000015110000,0x0000000015210000] [id=6028]
  0x000000001473a800 WatcherThread [stack: 0x0000000015c40000,0x0000000015d40000] [id=5604]

VM state:not at safepoint (normal execution)

VM Mutex/Monitor currently owned by a thread: None

Heap:
 PSYoungGen      total 18432K, used 9069K [0x00000000eab00000, 0x00000000ecf00000, 0x0000000100000000)
  eden space 15872K, 41% used [0x00000000eab00000,0x00000000eb15e138,0x00000000eba80000)
  from space 2560K, 99% used [0x00000000ebd00000,0x00000000ebf7d448,0x00000000ebf80000)
  to   space 2560K, 0% used [0x00000000eba80000,0x00000000eba80000,0x00000000ebd00000)
 ParOldGen       total 42496K, used 3498K [0x00000000c0000000, 0x00000000c2980000, 0x00000000eab00000)
  object space 42496K, 8% used [0x00000000c0000000,0x00000000c036aa30,0x00000000c2980000)
 Metaspace       used 6107K, capacity 7152K, committed 7296K, reserved 1056768K
  class space    used 582K, capacity 616K, committed 640K, reserved 1048576K

Card table byte_map: [0x0000000011610000,0x0000000011820000] byte_map_base: 0x0000000011010000

Marking Bits: (ParMarkBitMap*) 0x0000000073939d00
 Begin Bits: [0x0000000011b80000, 0x0000000012b80000)
 End Bits:   [0x0000000012b80000, 0x0000000013b80000)

Polling page: 0x0000000000480000

CodeCache: size=245760Kb used=5552Kb max_used=5552Kb free=240208Kb
 bounds [0x0000000002250000, 0x00000000027d0000, 0x0000000011250000]
 total_blobs=1709 nmethods=1448 adapters=176
 compilation: enabled

Compilation events (10 events):
Event: 10.270 Thread 0x0000000014733000 nmethod 1445 0x00000000027b82d0 code [0x00000000027b84c0, 0x00000000027b8d78]
Event: 10.271 Thread 0x0000000014733000 1446   !   3       com.android.dx.dex.code.OutputFinisher::fixBranches (234 bytes)
Event: 10.274 Thread 0x0000000014733000 nmethod 1446 0x00000000027b9f90 code [0x00000000027ba3c0, 0x00000000027bc938]
Event: 10.274 Thread 0x0000000014733000 1447       3       com.android.dx.dex.code.OutputFinisher::calculateReservedCount (122 bytes)
Event: 10.275 Thread 0x0000000014733000 nmethod 1447 0x00000000027b6dd0 code [0x00000000027b6fe0, 0x00000000027b7b18]
Event: 10.275 Thread 0x0000000014733000 1448       1       com.android.dx.dex.file.Section::getFile (5 bytes)
Event: 10.275 Thread 0x0000000014733000 nmethod 1448 0x00000000027b1c90 code [0x00000000027b1de0, 0x00000000027b1ef0]
Event: 10.275 Thread 0x0000000014733000 1449       3       com.android.dx.dex.code.OutputFinisher::assignIndices (46 bytes)
Event: 10.276 Thread 0x0000000014733000 nmethod 1449 0x00000000027be550 code [0x00000000027be720, 0x00000000027bef98]
Event: 10.276 Thread 0x0000000014733000 1450       3       com.android.dx.dex.code.OutputFinisher::makeOpcodesArray (45 bytes)

GC Heap History (4 events):
Event: 9.273 GC heap before
{Heap before GC invocations=1 (full 0):
 PSYoungGen      total 18432K, used 15872K [0x00000000eab00000, 0x00000000ebf80000, 0x0000000100000000)
  eden space 15872K, 100% used [0x00000000eab00000,0x00000000eba80000,0x00000000eba80000)
  from space 2560K, 0% used [0x00000000ebd00000,0x00000000ebd00000,0x00000000ebf80000)
  to   space 2560K, 0% used [0x00000000eba80000,0x00000000eba80000,0x00000000ebd00000)
 ParOldGen       total 42496K, used 0K [0x00000000c0000000, 0x00000000c2980000, 0x00000000eab00000)
  object space 42496K, 0% used [0x00000000c0000000,0x00000000c0000000,0x00000000c2980000)
 Metaspace       used 5732K, capacity 6832K, committed 7040K, reserved 1056768K
  class space    used 563K, capacity 616K, committed 640K, reserved 1048576K
Event: 9.286 GC heap after
Heap after GC invocations=1 (full 0):
 PSYoungGen      total 18432K, used 2554K [0x00000000eab00000, 0x00000000ebf80000, 0x0000000100000000)
  eden space 15872K, 0% used [0x00000000eab00000,0x00000000eab00000,0x00000000eba80000)
  from space 2560K, 99% used [0x00000000eba80000,0x00000000ebcfead8,0x00000000ebd00000)
  to   space 2560K, 0% used [0x00000000ebd00000,0x00000000ebd00000,0x00000000ebf80000)
 ParOldGen       total 42496K, used 1995K [0x00000000c0000000, 0x00000000c2980000, 0x00000000eab00000)
  object space 42496K, 4% used [0x00000000c0000000,0x00000000c01f2fb0,0x00000000c2980000)
 Metaspace       used 5732K, capacity 6832K, committed 7040K, reserved 1056768K
  class space    used 563K, capacity 616K, committed 640K, reserved 1048576K
}
Event: 9.784 GC heap before
{Heap before GC invocations=2 (full 0):
 PSYoungGen      total 18432K, used 18426K [0x00000000eab00000, 0x00000000ebf80000, 0x0000000100000000)
  eden space 15872K, 100% used [0x00000000eab00000,0x00000000eba80000,0x00000000eba80000)
  from space 2560K, 99% used [0x00000000eba80000,0x00000000ebcfead8,0x00000000ebd00000)
  to   space 2560K, 0% used [0x00000000ebd00000,0x00000000ebd00000,0x00000000ebf80000)
 ParOldGen       total 42496K, used 1995K [0x00000000c0000000, 0x00000000c2980000, 0x00000000eab00000)
  object space 42496K, 4% used [0x00000000c0000000,0x00000000c01f2fb0,0x00000000c2980000)
 Metaspace       used 5877K, capacity 6960K, committed 7040K, reserved 1056768K
  class space    used 565K, capacity 616K, committed 640K, reserved 1048576K
Event: 9.800 GC heap after
Heap after GC invocations=2 (full 0):
 PSYoungGen      total 18432K, used 2549K [0x00000000eab00000, 0x00000000ecf00000, 0x0000000100000000)
  eden space 15872K, 0% used [0x00000000eab00000,0x00000000eab00000,0x00000000eba80000)
  from space 2560K, 99% used [0x00000000ebd00000,0x00000000ebf7d448,0x00000000ebf80000)
  to   space 2560K, 0% used [0x00000000eba80000,0x00000000eba80000,0x00000000ebd00000)
 ParOldGen       total 42496K, used 3498K [0x00000000c0000000, 0x00000000c2980000, 0x00000000eab00000)
  object space 42496K, 8% used [0x00000000c0000000,0x00000000c036aa30,0x00000000c2980000)
 Metaspace       used 5877K, capacity 6960K, committed 7040K, reserved 1056768K
  class space    used 565K, capacity 616K, committed 640K, reserved 1048576K
}

Deoptimization events (9 events):
Event: 7.383 Thread 0x0000000015e45000 Uncommon trap: reason=unstable_if action=reinterpret pc=0x00000000024b1298 method=java.util.HashMap.getNode(ILjava/lang/Object;)Ljava/util/HashMap$Node; @ 129
Event: 8.318 Thread 0x0000000015e45000 Uncommon trap: reason=unstable_if action=reinterpret pc=0x000000000262391c method=com.android.dx.rop.cst.Constant.compareTo(Lcom/android/dx/rop/cst/Constant;)I @ 12
Event: 9.292 Thread 0x0000000002150800 Uncommon trap: reason=unstable_if action=reinterpret pc=0x0000000002604ed0 method=com.android.dx.rop.code.RegisterSpec.equals(ILcom/android/dx/rop/type/TypeBearer;Lcom/android/dx/rop/code/LocalItem;)Z @ 42
Event: 9.705 Thread 0x0000000015e45000 Uncommon trap: reason=unstable_if action=reinterpret pc=0x0000000002653aec method=com.android.dx.rop.code.RegisterSpecSet.put(Lcom/android/dx/rop/code/RegisterSpec;)V @ 77
Event: 9.705 Thread 0x0000000015e45000 Uncommon trap: reason=unstable_if action=reinterpret pc=0x000000000265addc method=com.android.dx.rop.code.RegisterSpecSet.put(Lcom/android/dx/rop/code/RegisterSpec;)V @ 77
Event: 9.710 Thread 0x0000000015e45000 Uncommon trap: reason=bimorphic action=maybe_recompile pc=0x0000000002560438 method=java.util.HashMap.getNode(ILjava/lang/Object;)Ljava/util/HashMap$Node; @ 126
Event: 9.763 Thread 0x0000000015f34800 Uncommon trap: reason=bimorphic action=maybe_recompile pc=0x0000000002560438 method=java.util.HashMap.getNode(ILjava/lang/Object;)Ljava/util/HashMap$Node; @ 126
Event: 10.032 Thread 0x0000000015e44000 Uncommon trap: reason=bimorphic action=maybe_recompile pc=0x0000000002560438 method=java.util.HashMap.getNode(ILjava/lang/Object;)Ljava/util/HashMap$Node; @ 126
Event: 10.076 Thread 0x0000000015e44000 Uncommon trap: reason=bimorphic action=maybe_recompile pc=0x0000000002560438 method=java.util.HashMap.getNode(ILjava/lang/Object;)Ljava/util/HashMap$Node; @ 126

Internal exceptions (2 events):
Event: 0.301 Thread 0x0000000002150800 Exception <a 'java/lang/NoSuchMethodError': Method sun.misc.Unsafe.defineClass(Ljava/lang/String;[BII)Ljava/lang/Class; name or signature does not match> (0x00000000eab07cc0) thrown at [C:\src\android\AOSP-openjdk\external\jetbrains\jdk\hotspot\src\share\vóæžUØ@Ó?
Event: 0.301 Thread 0x0000000002150800 Exception <a 'java/lang/NoSuchMethodError': Method sun.misc.Unsafe.prefetchRead(Ljava/lang/Object;J)V name or signature does not match> (0x00000000eab07fa8) thrown at [C:\src\android\AOSP-openjdk\external\jetbrains\jdk\hotspot\src\share\vm\prims\jni.cpp, l

Events (10 events):
Event: 10.145 loading class com/android/dx/rop/code/RegisterSpecList$Expander
Event: 10.145 loading class com/android/dx/rop/code/RegisterSpecList$Expander done
Event: 10.202 loading class com/android/dx/rop/code/RegisterSpec$1
Event: 10.202 loading class com/android/dx/rop/code/RegisterSpec$1 done
Event: 10.217 loading class com/android/dx/dex/code/CatchHandlerList$Entry
Event: 10.217 loading class com/android/dx/dex/code/CatchHandlerList$Entry done
Event: 10.217 loading class com/android/dx/dex/code/CatchTable$Entry
Event: 10.217 loading class com/android/dx/dex/code/CatchTable$Entry done
Event: 10.218 loading class com/android/dx/util/ByteArrayAnnotatedOutput
Event: 10.218 loading class com/android/dx/util/ByteArrayAnnotatedOutput done


Dynamic libraries:
0x000007f626540000 - 0x000007f626571000 	C:\Program Files\Android\Android Studio\jre\bin\java.exe
0x000007fc43680000 - 0x000007fc4383e000 	C:\Windows\SYSTEM32\ntdll.dll
0x000007fc411f0000 - 0x000007fc41326000 	C:\Windows\system32\KERNEL32.DLL
0x000007fc28d00000 - 0x000007fc28d12000 	C:\Program Files\AVAST Software\Avast\aswhook.dll
0x000007fc40680000 - 0x000007fc40773000 	C:\Windows\system32\KERNELBASE.dll
0x000007fc40ce0000 - 0x000007fc40dbe000 	C:\Windows\system32\ADVAPI32.dll
0x000007fc42990000 - 0x000007fc42adc000 	C:\Windows\system32\USER32.dll
0x000007fc3e850000 - 0x000007fc3eab9000 	C:\Windows\WinSxS\amd64_microsoft.windows.common-controls_6595b64144ccf1df_6.0.9200.16384_none_418c2a697189c07f\COMCTL32.dll
0x000007fc41470000 - 0x000007fc41515000 	C:\Windows\system32\msvcrt.dll
0x000007fc42ae0000 - 0x000007fc42b28000 	C:\Windows\SYSTEM32\sechost.dll
0x000007fc40b10000 - 0x000007fc40c50000 	C:\Windows\system32\RPCRT4.dll
0x000007fc43540000 - 0x000007fc43680000 	C:\Windows\system32\GDI32.dll
0x000007fc40ca0000 - 0x000007fc40cd9000 	C:\Windows\system32\IMM32.DLL
0x000007fc42da0000 - 0x000007fc42eb4000 	C:\Windows\system32\MSCTF.dll
0x0000000072f90000 - 0x0000000073062000 	C:\Program Files\Android\Android Studio\jre\jre\bin\msvcr100.dll
0x0000000073180000 - 0x00000000739b4000 	C:\Program Files\Android\Android Studio\jre\jre\bin\server\jvm.dll
0x000007fc3aed0000 - 0x000007fc3aed9000 	C:\Windows\SYSTEM32\WSOCK32.dll
0x000007fc3c700000 - 0x000007fc3c720000 	C:\Windows\SYSTEM32\WINMM.dll
0x000007fc3b6c0000 - 0x000007fc3b6c9000 	C:\Windows\SYSTEM32\VERSION.dll
0x000007fc41680000 - 0x000007fc41687000 	C:\Windows\system32\PSAPI.DLL
0x000007fc40ff0000 - 0x000007fc41048000 	C:\Windows\system32\WS2_32.dll
0x000007fc3c6c0000 - 0x000007fc3c6f2000 	C:\Windows\SYSTEM32\WINMMBASE.dll
0x000007fc42ec0000 - 0x000007fc42ec9000 	C:\Windows\system32\NSI.dll
0x000007fc29fa0000 - 0x000007fc29faf000 	C:\Program Files\Android\Android Studio\jre\jre\bin\verify.dll
0x000007fc29f70000 - 0x000007fc29f99000 	C:\Program Files\Android\Android Studio\jre\jre\bin\java.dll
0x000007fc29f50000 - 0x000007fc29f66000 	C:\Program Files\Android\Android Studio\jre\jre\bin\zip.dll
0x000007fc41690000 - 0x000007fc42975000 	C:\Windows\system32\SHELL32.dll
0x000007fc42ed0000 - 0x000007fc43080000 	C:\Windows\SYSTEM32\combase.dll
0x000007fc40c50000 - 0x000007fc40ca0000 	C:\Windows\system32\SHLWAPI.dll
0x000007fc3ef40000 - 0x000007fc3efd6000 	C:\Windows\SYSTEM32\SHCORE.dll
0x000007fc405b0000 - 0x000007fc405c5000 	C:\Windows\SYSTEM32\profapi.dll
0x000007fc3a070000 - 0x000007fc3a1d3000 	C:\Windows\SYSTEM32\dbghelp.dll

VM Arguments:
jvm_args: -Djava.awt.headless=true -Xmx1024M -Dfile.encoding=windows-1252 -Duser.country=FR -Duser.language=fr -Duser.variant 
java_command: com.android.dx.command.Main --dex --force-jumbo --num-threads=4 --multi-dex --output C:\Users\Hassane\AndroidStudioProjects\LastTP\app\build\intermediates\transforms\dex\debug\folders\1000\10\com.android.support-support-vector-drawable-24.2.1_e1ae3c0bebe27f311db77526688eefaa926b737c C:\Users\Hassane\AndroidStudioProjects\LastTP\app\build\intermediates\exploded-aar\com.android.support\support-vector-drawable\24.2.1\jars\classes.jar
java_class_path (initial): C:\Users\Hassane\AppData\Local\Android\sdk\build-tools\24.0.3\lib\dx.jar
Launcher Type: SUN_STANDARD

Environment Variables:
PATH=C:\ProgramData\Oracle\Java\javapath;C:\Windows\system32;C:\Windows;C:\Windows\System32\Wbem;C:\Windows\System32\WindowsPowerShell\v1.0\;C:\xampp\php;C:\ProgramData\ComposerSetup\bin;C:\Gradle\gradle-5.4\bin;;C:\Users\Hassane\AppData\Local\Programs\Microsoft VS Code\bin;C:\Users\Hassane\AppData\Roaming\Composer\vendor\bin
USERNAME=Hassane
OS=Windows_NT
PROCESSOR_IDENTIFIER=Intel64 Family 6 Model 42 Stepping 7, GenuineIntel



---------------  S Y S T E M  ---------------

OS: Windows 8 , 64 bit Build 9200 (6.2.9200.16384)

CPU:total 2 (2 cores per cpu, 1 threads per core) family 6 model 42 stepping 7, cmov, cx8, fxsr, mmx, sse, sse2, sse3, ssse3, sse4.1, sse4.2, popcnt, clmul, tsc, tscinvbit

Memory: 4k page, physical 4042604k(641196k free), swap 8105836k(2848332k free)

vm_info: OpenJDK 64-Bit Server VM (25.76-b03) for windows-amd64 JRE (1.8.0_76-release-b03), built on Jun 29 2016 19:09:20 by "ralucas" with MS VC++ 10.0 (VS2010)

time: Wed Apr 24 19:37:47 2019
elapsed time: 10 seconds (0d 0h 0m 10s)

