#
# A fatal error has been detected by the Java Runtime Environment:
#
#  EXCEPTION_ACCESS_VIOLATION (0xc0000005) at pc=0x00000000030e2ca0, pid=828, tid=0x0000000000001c5c
#
# JRE version: OpenJDK Runtime Environment (8.0_76-b03) (build 1.8.0_76-release-b03)
# Java VM: OpenJDK 64-Bit Server VM (25.76-b03 mixed mode windows-amd64 compressed oops)
# Problematic frame:
# j  com.android.dx.dex.code.DalvInsnList.getOutsSize()I+16
#
# Failed to write core dump. Minidumps are not enabled by default on client versions of Windows
#
# If you would like to submit a bug report, please visit:
#   http://bugreport.java.com/bugreport/crash.jsp
#

---------------  T H R E A D  ---------------

Current thread (0x0000000016bfe800):  JavaThread "pool-1-thread-1" [_thread_in_Java, id=7260, stack(0x00000000170b0000,0x00000000171b0000)]

siginfo: ExceptionCode=0xc0000005, reading address 0x0000000040209fa8

Registers:
RAX=0x000000010008b2c8, RBX=0x0000000000000005, RCX=0x0000000015253b80, RDX=0x0000000040209fa0
RSP=0x00000000171ae808, RBP=0x00000000171ae848, RSI=0x00000000c0c51328, RDI=0x000000010008b758
R8 =0x000000000000001f, R9 =0x00000000eb60ca70, R10=0x0000000073929c10, R11=0x00000000eadbb3b8
R12=0x0000000000000000, R13=0x0000000015254b5b, R14=0x00000000171ae890, R15=0x0000000016bfe800
RIP=0x00000000030e2ca0, EFLAGS=0x0000000000010246

Top of Stack: (sp=0x00000000171ae808)
0x00000000171ae808:   00000000171ae808 0000000015254b58
0x00000000171ae818:   00000000171ae890 0000000015254fb8
0x00000000171ae828:   000000001529c3a0 0000000015254c30
0x00000000171ae838:   0000000000000000 00000000171ae890
0x00000000171ae848:   00000000171ae8d8 00000000030c7470
0x00000000171ae858:   0000000000000002 0000000000000000
0x00000000171ae868:   00000000c0c511e8 00000000c0209ff8
0x00000000171ae878:   000000000000001f 0000000000000002
0x00000000171ae888:   000000000000006b 00000000eadbb3a0
0x00000000171ae898:   00000000171ae898 0000000015183bcf
0x00000000171ae8a8:   00000000171ae8e8 0000000015185438
0x00000000171ae8b8:   0000000000000000 0000000015183be8
0x00000000171ae8c8:   00000000171ae890 00000000171ae8e8
0x00000000171ae8d8:   00000000171ae930 00000000030c7470
0x00000000171ae8e8:   00000000c0208b50 00000000171ae8f0
0x00000000171ae8f8:   000000001518368e 00000000171ae998 

Instructions: (pc=0x00000000030e2ca0)
0x00000000030e2c80:   28 02 00 00 49 ba 00 00 00 00 00 00 00 00 4d 89
0x00000000030e2c90:   97 28 02 00 00 5a eb 08 48 8b d0 48 8b 44 d9 50
0x00000000030e2ca0:   8b 5a 08 48 c1 e3 03 48 8b 4d e0 48 85 c9 0f 84
0x00000000030e2cb0:   8a 00 00 00 48 8b 79 10 48 3b fb 0f 85 0f 00 00 


Register to memory mapping:

RAX=0x000000010008b2c8 is pointing into metadata
RBX=0x0000000000000005 is an unknown value
RCX=0x0000000015253b80 is pointing into metadata
RDX=0x0000000040209fa0 is an unknown value
RSP=0x00000000171ae808 is pointing into the stack for thread: 0x0000000016bfe800
RBP=0x00000000171ae848 is pointing into the stack for thread: 0x0000000016bfe800
RSI=0x00000000c0c51328 is an oop
com.android.dx.rop.type.StdTypeList 
 - klass: 'com/android/dx/rop/type/StdTypeList'
RDI=0x000000010008b758 is pointing into metadata
R8 =0x000000000000001f is an unknown value
R9 =0x00000000eb60ca70 is an oop
com.android.dx.util.ByteArrayAnnotatedOutput 
 - klass: 'com/android/dx/util/ByteArrayAnnotatedOutput'
R10=0x0000000073929c10 is an unknown value
R11=0x00000000eadbb3b8 is an oop
[Ljava.lang.Object; 
 - klass: 'java/lang/Object'[]
 - length: 107
R12=0x0000000000000000 is an unknown value
R13=0x0000000015254b5b is pointing into metadata
R14=0x00000000171ae890 is pointing into the stack for thread: 0x0000000016bfe800
R15=0x0000000016bfe800 is a thread


Stack: [0x00000000170b0000,0x00000000171b0000],  sp=0x00000000171ae808,  free space=1018k
Native frames: (J=compiled Java code, j=interpreted, Vv=VM code, C=native code)
C  0x00000000030e2ca0


---------------  P R O C E S S  ---------------

Java Threads: ( => current thread )
=>0x0000000016bfe800 JavaThread "pool-1-thread-1" [_thread_in_Java, id=7260, stack(0x00000000170b0000,0x00000000171b0000)]
  0x000000001554a000 JavaThread "Service Thread" daemon [_thread_blocked, id=6340, stack(0x00000000169b0000,0x0000000016ab0000)]
  0x0000000015546800 JavaThread "C1 CompilerThread1" daemon [_thread_blocked, id=7920, stack(0x00000000168b0000,0x00000000169b0000)]
  0x0000000015543800 JavaThread "C2 CompilerThread0" daemon [_thread_blocked, id=6764, stack(0x00000000167b0000,0x00000000168b0000)]
  0x0000000015542000 JavaThread "Attach Listener" daemon [_thread_blocked, id=3688, stack(0x00000000166b0000,0x00000000167b0000)]
  0x000000001554f000 JavaThread "Signal Dispatcher" daemon [_thread_blocked, id=6676, stack(0x00000000165b0000,0x00000000166b0000)]
  0x0000000015529000 JavaThread "Finalizer" daemon [_thread_blocked, id=468, stack(0x0000000016180000,0x0000000016280000)]
  0x0000000015504000 JavaThread "Reference Handler" daemon [_thread_blocked, id=7316, stack(0x0000000016080000,0x0000000016180000)]
  0x0000000002fc0800 JavaThread "main" [_thread_blocked, id=5060, stack(0x0000000002b00000,0x0000000002c00000)]

Other Threads:
  0x00000000154fc800 VMThread [stack: 0x0000000015f80000,0x0000000016080000] [id=5892]
  0x000000001554d000 WatcherThread [stack: 0x0000000016ab0000,0x0000000016bb0000] [id=5904]

VM state:synchronizing (normal execution)

VM Mutex/Monitor currently owned by a thread:  ([mutex/lock_event])
[0x0000000002cdc4b0] Safepoint_lock - owner thread: 0x00000000154fc800
[0x0000000002cdc930] Threads_lock - owner thread: 0x00000000154fc800

Heap:
 PSYoungGen      total 137728K, used 22634K [0x00000000eab00000, 0x00000000f4200000, 0x0000000100000000)
  eden space 125440K, 9% used [0x00000000eab00000,0x00000000eb679790,0x00000000f2580000)
  from space 12288K, 88% used [0x00000000f3300000,0x00000000f3da1188,0x00000000f3f00000)
  to   space 13824K, 0% used [0x00000000f2580000,0x00000000f2580000,0x00000000f3300000)
 ParOldGen       total 42496K, used 21687K [0x00000000c0000000, 0x00000000c2980000, 0x00000000eab00000)
  object space 42496K, 51% used [0x00000000c0000000,0x00000000c152dcd8,0x00000000c2980000)
 Metaspace       used 6589K, capacity 7472K, committed 7552K, reserved 1056768K
  class space    used 604K, capacity 616K, committed 640K, reserved 1048576K

Card table byte_map: [0x0000000012480000,0x0000000012690000] byte_map_base: 0x0000000011e80000

Marking Bits: (ParMarkBitMap*) 0x0000000073939d00
 Begin Bits: [0x00000000129f0000, 0x00000000139f0000)
 End Bits:   [0x00000000139f0000, 0x00000000149f0000)

Polling page: 0x0000000002a10000

CodeCache: size=245760Kb used=8798Kb max_used=8809Kb free=236961Kb
 bounds [0x00000000030c0000, 0x0000000003970000, 0x00000000120c0000]
 total_blobs=2535 nmethods=2272 adapters=177
 compilation: enabled

Compilation events (10 events):
Event: 9.223 Thread 0x0000000015546800 nmethod 2276 0x0000000003944290 code [0x00000000039443e0, 0x00000000039444f0]
Event: 9.224 Thread 0x0000000015546800 2279       2       com.android.dx.dex.code.form.Form22c::writeTo (45 bytes)
Event: 9.224 Thread 0x0000000015546800 nmethod 2279 0x0000000003944550 code [0x0000000003944720, 0x0000000003944ac8]
Event: 9.224 Thread 0x0000000015546800 2280       2       com.android.dx.dex.code.InsnFormat::write (22 bytes)
Event: 9.225 Thread 0x0000000015546800 nmethod 2280 0x0000000003944ed0 code [0x0000000003945060, 0x00000000039452a8]
Event: 9.225 Thread 0x0000000015546800 2282       2       com.android.dx.dex.code.form.Form35c::explicitize (105 bytes)
Event: 9.226 Thread 0x0000000015546800 nmethod 2282 0x0000000003945450 code [0x00000000039456a0, 0x0000000003946118]
Event: 9.226 Thread 0x0000000015546800 2281       2       com.android.dx.dex.code.form.Form35c::writeTo (157 bytes)
Event: 9.228 Thread 0x0000000015546800 nmethod 2281 0x0000000003947010 code [0x0000000003947240, 0x0000000003947868]
Event: 9.228 Thread 0x0000000015546800 2284       2       com.android.dx.dex.code.DalvInsnList::getOutsSize (105 bytes)

GC Heap History (10 events):
Event: 3.491 GC heap before
{Heap before GC invocations=2 (full 0):
 PSYoungGen      total 18432K, used 18410K [0x00000000eab00000, 0x00000000ecf00000, 0x0000000100000000)
  eden space 15872K, 100% used [0x00000000eab00000,0x00000000eba80000,0x00000000eba80000)
  from space 2560K, 99% used [0x00000000eba80000,0x00000000ebcfaaa8,0x00000000ebd00000)
  to   space 2560K, 0% used [0x00000000ecc80000,0x00000000ecc80000,0x00000000ecf00000)
 ParOldGen       total 42496K, used 1349K [0x00000000c0000000, 0x00000000c2980000, 0x00000000eab00000)
  object space 42496K, 3% used [0x00000000c0000000,0x00000000c01514a0,0x00000000c2980000)
 Metaspace       used 5837K, capacity 6960K, committed 7040K, reserved 1056768K
  class space    used 561K, capacity 616K, committed 640K, reserved 1048576K
Event: 3.517 GC heap after
Heap after GC invocations=2 (full 0):
 PSYoungGen      total 34304K, used 2528K [0x00000000eab00000, 0x00000000ecf00000, 0x0000000100000000)
  eden space 31744K, 0% used [0x00000000eab00000,0x00000000eab00000,0x00000000eca00000)
  from space 2560K, 98% used [0x00000000ecc80000,0x00000000ecef8048,0x00000000ecf00000)
  to   space 2560K, 0% used [0x00000000eca00000,0x00000000eca00000,0x00000000ecc80000)
 ParOldGen       total 42496K, used 3113K [0x00000000c0000000, 0x00000000c2980000, 0x00000000eab00000)
  object space 42496K, 7% used [0x00000000c0000000,0x00000000c030a4c0,0x00000000c2980000)
 Metaspace       used 5837K, capacity 6960K, committed 7040K, reserved 1056768K
  class space    used 561K, capacity 616K, committed 640K, reserved 1048576K
}
Event: 4.275 GC heap before
{Heap before GC invocations=3 (full 0):
 PSYoungGen      total 34304K, used 34272K [0x00000000eab00000, 0x00000000ecf00000, 0x0000000100000000)
  eden space 31744K, 100% used [0x00000000eab00000,0x00000000eca00000,0x00000000eca00000)
  from space 2560K, 98% used [0x00000000ecc80000,0x00000000ecef8048,0x00000000ecf00000)
  to   space 2560K, 0% used [0x00000000eca00000,0x00000000eca00000,0x00000000ecc80000)
 ParOldGen       total 42496K, used 3113K [0x00000000c0000000, 0x00000000c2980000, 0x00000000eab00000)
  object space 42496K, 7% used [0x00000000c0000000,0x00000000c030a4c0,0x00000000c2980000)
 Metaspace       used 6074K, capacity 7088K, committed 7296K, reserved 1056768K
  class space    used 582K, capacity 616K, committed 640K, reserved 1048576K
Event: 4.302 GC heap after
Heap after GC invocations=3 (full 0):
 PSYoungGen      total 34304K, used 2553K [0x00000000eab00000, 0x00000000eee00000, 0x0000000100000000)
  eden space 31744K, 0% used [0x00000000eab00000,0x00000000eab00000,0x00000000eca00000)
  from space 2560K, 99% used [0x00000000eca00000,0x00000000ecc7e418,0x00000000ecc80000)
  to   space 2560K, 0% used [0x00000000eeb80000,0x00000000eeb80000,0x00000000eee00000)
 ParOldGen       total 42496K, used 7588K [0x00000000c0000000, 0x00000000c2980000, 0x00000000eab00000)
  object space 42496K, 17% used [0x00000000c0000000,0x00000000c0769130,0x00000000c2980000)
 Metaspace       used 6074K, capacity 7088K, committed 7296K, reserved 1056768K
  class space    used 582K, capacity 616K, committed 640K, reserved 1048576K
}
Event: 4.797 GC heap before
{Heap before GC invocations=4 (full 0):
 PSYoungGen      total 34304K, used 34297K [0x00000000eab00000, 0x00000000eee00000, 0x0000000100000000)
  eden space 31744K, 100% used [0x00000000eab00000,0x00000000eca00000,0x00000000eca00000)
  from space 2560K, 99% used [0x00000000eca00000,0x00000000ecc7e418,0x00000000ecc80000)
  to   space 2560K, 0% used [0x00000000eeb80000,0x00000000eeb80000,0x00000000eee00000)
 ParOldGen       total 42496K, used 7588K [0x00000000c0000000, 0x00000000c2980000, 0x00000000eab00000)
  object space 42496K, 17% used [0x00000000c0000000,0x00000000c0769130,0x00000000c2980000)
 Metaspace       used 6108K, capacity 7088K, committed 7296K, reserved 1056768K
  class space    used 583K, capacity 616K, committed 640K, reserved 1048576K
Event: 4.844 GC heap after
Heap after GC invocations=4 (full 0):
 PSYoungGen      total 66048K, used 2537K [0x00000000eab00000, 0x00000000eee00000, 0x0000000100000000)
  eden space 63488K, 0% used [0x00000000eab00000,0x00000000eab00000,0x00000000ee900000)
  from space 2560K, 99% used [0x00000000eeb80000,0x00000000eedfa5d8,0x00000000eee00000)
  to   space 2560K, 0% used [0x00000000ee900000,0x00000000ee900000,0x00000000eeb80000)
 ParOldGen       total 42496K, used 12463K [0x00000000c0000000, 0x00000000c2980000, 0x00000000eab00000)
  object space 42496K, 29% used [0x00000000c0000000,0x00000000c0c2bcb8,0x00000000c2980000)
 Metaspace       used 6108K, capacity 7088K, committed 7296K, reserved 1056768K
  class space    used 583K, capacity 616K, committed 640K, reserved 1048576K
}
Event: 5.886 GC heap before
{Heap before GC invocations=5 (full 0):
 PSYoungGen      total 66048K, used 66025K [0x00000000eab00000, 0x00000000eee00000, 0x0000000100000000)
  eden space 63488K, 100% used [0x00000000eab00000,0x00000000ee900000,0x00000000ee900000)
  from space 2560K, 99% used [0x00000000eeb80000,0x00000000eedfa5d8,0x00000000eee00000)
  to   space 2560K, 0% used [0x00000000ee900000,0x00000000ee900000,0x00000000eeb80000)
 ParOldGen       total 42496K, used 12463K [0x00000000c0000000, 0x00000000c2980000, 0x00000000eab00000)
  object space 42496K, 29% used [0x00000000c0000000,0x00000000c0c2bcb8,0x00000000c2980000)
 Metaspace       used 6139K, capacity 7088K, committed 7296K, reserved 1056768K
  class space    used 583K, capacity 616K, committed 640K, reserved 1048576K
Event: 5.945 GC heap after
Heap after GC invocations=5 (full 0):
 PSYoungGen      total 66048K, used 2532K [0x00000000eab00000, 0x00000000f3f00000, 0x0000000100000000)
  eden space 63488K, 0% used [0x00000000eab00000,0x00000000eab00000,0x00000000ee900000)
  from space 2560K, 98% used [0x00000000ee900000,0x00000000eeb791a0,0x00000000eeb80000)
  to   space 12288K, 0% used [0x00000000f3300000,0x00000000f3300000,0x00000000f3f00000)
 ParOldGen       total 42496K, used 21687K [0x00000000c0000000, 0x00000000c2980000, 0x00000000eab00000)
  object space 42496K, 51% used [0x00000000c0000000,0x00000000c152dcd8,0x00000000c2980000)
 Metaspace       used 6139K, capacity 7088K, committed 7296K, reserved 1056768K
  class space    used 583K, capacity 616K, committed 640K, reserved 1048576K
}
Event: 6.968 GC heap before
{Heap before GC invocations=6 (full 0):
 PSYoungGen      total 66048K, used 66020K [0x00000000eab00000, 0x00000000f3f00000, 0x0000000100000000)
  eden space 63488K, 100% used [0x00000000eab00000,0x00000000ee900000,0x00000000ee900000)
  from space 2560K, 98% used [0x00000000ee900000,0x00000000eeb791a0,0x00000000eeb80000)
  to   space 12288K, 0% used [0x00000000f3300000,0x00000000f3300000,0x00000000f3f00000)
 ParOldGen       total 42496K, used 21687K [0x00000000c0000000, 0x00000000c2980000, 0x00000000eab00000)
  object space 42496K, 51% used [0x00000000c0000000,0x00000000c152dcd8,0x00000000c2980000)
 Metaspace       used 6236K, capacity 7152K, committed 7296K, reserved 1056768K
  class space    used 589K, capacity 616K, committed 640K, reserved 1048576K
Event: 7.021 GC heap after
Heap after GC invocations=6 (full 0):
 PSYoungGen      total 137728K, used 10884K [0x00000000eab00000, 0x00000000f4200000, 0x0000000100000000)
  eden space 125440K, 0% used [0x00000000eab00000,0x00000000eab00000,0x00000000f2580000)
  from space 12288K, 88% used [0x00000000f3300000,0x00000000f3da1188,0x00000000f3f00000)
  to   space 13824K, 0% used [0x00000000f2580000,0x00000000f2580000,0x00000000f3300000)
 ParOldGen       total 42496K, used 21687K [0x00000000c0000000, 0x00000000c2980000, 0x00000000eab00000)
  object space 42496K, 51% used [0x00000000c0000000,0x00000000c152dcd8,0x00000000c2980000)
 Metaspace       used 6236K, capacity 7152K, committed 7296K, reserved 1056768K
  class space    used 589K, capacity 616K, committed 640K, reserved 1048576K
}

Deoptimization events (10 events):
Event: 6.825 Thread 0x0000000016bfe800 Uncommon trap: reason=class_check action=maybe_recompile pc=0x0000000003678718 method=java.util.Arrays.hashCode([Ljava/lang/Object;)I @ 43
Event: 6.825 Thread 0x0000000016bfe800 Uncommon trap: reason=class_check action=maybe_recompile pc=0x0000000003678718 method=java.util.Arrays.hashCode([Ljava/lang/Object;)I @ 43
Event: 6.825 Thread 0x0000000016bfe800 Uncommon trap: reason=class_check action=maybe_recompile pc=0x0000000003657f78 method=java.util.Arrays.hashCode([Ljava/lang/Object;)I @ 43
Event: 7.553 Thread 0x0000000016bfe800 Uncommon trap: reason=speculate_class_check action=maybe_recompile pc=0x00000000035bbb00 method=com.android.dx.util.FixedSizeList.equals(Ljava/lang/Object;)Z @ 25
Event: 7.553 Thread 0x0000000016bfe800 Uncommon trap: reason=unstable_if action=reinterpret pc=0x000000000355cbf0 method=java.util.Arrays.equals([Ljava/lang/Object;[Ljava/lang/Object;)Z @ 23
Event: 7.554 Thread 0x0000000016bfe800 Uncommon trap: reason=speculate_class_check action=maybe_recompile pc=0x00000000035bbb00 method=com.android.dx.util.FixedSizeList.equals(Ljava/lang/Object;)Z @ 25
Event: 7.554 Thread 0x0000000016bfe800 Uncommon trap: reason=speculate_class_check action=maybe_recompile pc=0x00000000035bbb00 method=com.android.dx.util.FixedSizeList.equals(Ljava/lang/Object;)Z @ 25
Event: 7.554 Thread 0x0000000016bfe800 Uncommon trap: reason=speculate_class_check action=maybe_recompile pc=0x00000000035bbb00 method=com.android.dx.util.FixedSizeList.equals(Ljava/lang/Object;)Z @ 25
Event: 7.950 Thread 0x0000000016bfe800 Uncommon trap: reason=unstable_if action=reinterpret pc=0x0000000003855bcc method=com.android.dx.dex.code.OutputFinisher.findOpcodeForInsn(Lcom/android/dx/dex/code/DalvInsn;Lcom/android/dx/dex/code/Dop;)Lcom/android/dx/dex/code/Dop; @ 1
Event: 8.297 Thread 0x0000000016bfe800 Uncommon trap: reason=unstable_if action=reinterpret pc=0x00000000038cbcf8 method=com.android.dx.dex.code.OutputFinisher.align64bits([Lcom/android/dx/dex/code/Dop;)V @ 130

Internal exceptions (6 events):
Event: 0.071 Thread 0x0000000002fc0800 Exception <a 'java/lang/NoSuchMethodError': Method sun.misc.Unsafe.defineClass(Ljava/lang/String;[BII)Ljava/lang/Class; name or signature does not match> (0x00000000eab07cc0) thrown at [C:\src\android\AOSP-openjdk\external\jetbrains\jdk\hotspot\src\share\vУnал=В?
Event: 0.071 Thread 0x0000000002fc0800 Exception <a 'java/lang/NoSuchMethodError': Method sun.misc.Unsafe.prefetchRead(Ljava/lang/Object;J)V name or signature does not match> (0x00000000eab07fa8) thrown at [C:\src\android\AOSP-openjdk\external\jetbrains\jdk\hotspot\src\share\vm\prims\jni.cpp, lке-л@
Event: 3.107 Thread 0x0000000016bdb000 Implicit null exception at 0x00000000033d40d3 to 0x00000000033d6569
Event: 4.249 Thread 0x0000000016be1000 Exception <a 'java/lang/ArrayIndexOutOfBoundsException': 18> (0x00000000ebb229f8) thrown at [C:\src\android\AOSP-openjdk\external\jetbrains\jdk\hotspot\src\share\vm\interpreter\interpreterRuntime.cpp, line 366]
Event: 4.250 Thread 0x0000000016be1000 Exception <a 'java/lang/ArrayIndexOutOfBoundsException': 145> (0x00000000ebb24578) thrown at [C:\src\android\AOSP-openjdk\external\jetbrains\jdk\hotspot\src\share\vm\interpreter\interpreterRuntime.cpp, line 366]
Event: 4.251 Thread 0x0000000016be1000 Exception <a 'java/lang/ArrayIndexOutOfBoundsException'> (0x00000000ebb25860) thrown at [C:\src\android\AOSP-openjdk\external\jetbrains\jdk\hotspot\src\share\vm\runtime\sharedRuntime.cpp, line 605]

Events (10 events):
Event: 9.081 loading class com/android/dx/dex/file/DebugInfoEncoder$1
Event: 9.081 loading class com/android/dx/dex/file/DebugInfoEncoder$1 done
Event: 9.082 loading class com/android/dx/dex/file/DebugInfoEncoder$2
Event: 9.082 loading class com/android/dx/dex/file/DebugInfoEncoder$2 done
Event: 9.152 loading class com/android/dex/EncodedValueCodec
Event: 9.152 loading class com/android/dex/EncodedValueCodec done
Event: 9.164 loading class com/android/dx/dex/file/MapItem
Event: 9.164 loading class com/android/dx/dex/file/MapItem done
Event: 9.172 loading class com/android/dex/DexFormat
Event: 9.172 loading class com/android/dex/DexFormat done


Dynamic libraries:
0x000007f626540000 - 0x000007f626571000 	C:\Program Files\Android\Android Studio\jre\bin\java.exe
0x000007fc43680000 - 0x000007fc4383e000 	C:\Windows\SYSTEM32\ntdll.dll
0x000007fc411f0000 - 0x000007fc41326000 	C:\Windows\system32\KERNEL32.DLL
0x000007fc28d00000 - 0x000007fc28d12000 	C:\Program Files\AVAST Software\Avast\aswhook.dll
0x000007fc40680000 - 0x000007fc40773000 	C:\Windows\system32\KERNELBASE.dll
0x000007fc40ce0000 - 0x000007fc40dbe000 	C:\Windows\system32\ADVAPI32.dll
0x000007fc42990000 - 0x000007fc42adc000 	C:\Windows\system32\USER32.dll
0x000007fc3e850000 - 0x000007fc3eab9000 	C:\Windows\WinSxS\amd64_microsoft.windows.common-controls_6595b64144ccf1df_6.0.9200.16384_none_418c2a697189c07f\COMCTL32.dll
0x000007fc41470000 - 0x000007fc41515000 	C:\Windows\system32\msvcrt.dll
0x000007fc42ae0000 - 0x000007fc42b28000 	C:\Windows\SYSTEM32\sechost.dll
0x000007fc40b10000 - 0x000007fc40c50000 	C:\Windows\system32\RPCRT4.dll
0x000007fc43540000 - 0x000007fc43680000 	C:\Windows\system32\GDI32.dll
0x000007fc40ca0000 - 0x000007fc40cd9000 	C:\Windows\system32\IMM32.DLL
0x000007fc42da0000 - 0x000007fc42eb4000 	C:\Windows\system32\MSCTF.dll
0x0000000072f90000 - 0x0000000073062000 	C:\Program Files\Android\Android Studio\jre\jre\bin\msvcr100.dll
0x0000000073180000 - 0x00000000739b4000 	C:\Program Files\Android\Android Studio\jre\jre\bin\server\jvm.dll
0x000007fc3aed0000 - 0x000007fc3aed9000 	C:\Windows\SYSTEM32\WSOCK32.dll
0x000007fc3c700000 - 0x000007fc3c720000 	C:\Windows\SYSTEM32\WINMM.dll
0x000007fc3b6c0000 - 0x000007fc3b6c9000 	C:\Windows\SYSTEM32\VERSION.dll
0x000007fc41680000 - 0x000007fc41687000 	C:\Windows\system32\PSAPI.DLL
0x000007fc40ff0000 - 0x000007fc41048000 	C:\Windows\system32\WS2_32.dll
0x000007fc3c6c0000 - 0x000007fc3c6f2000 	C:\Windows\SYSTEM32\WINMMBASE.dll
0x000007fc42ec0000 - 0x000007fc42ec9000 	C:\Windows\system32\NSI.dll
0x000007fc29fa0000 - 0x000007fc29faf000 	C:\Program Files\Android\Android Studio\jre\jre\bin\verify.dll
0x000007fc29f70000 - 0x000007fc29f99000 	C:\Program Files\Android\Android Studio\jre\jre\bin\java.dll
0x000007fc29f50000 - 0x000007fc29f66000 	C:\Program Files\Android\Android Studio\jre\jre\bin\zip.dll
0x000007fc41690000 - 0x000007fc42975000 	C:\Windows\system32\SHELL32.dll
0x000007fc42ed0000 - 0x000007fc43080000 	C:\Windows\SYSTEM32\combase.dll
0x000007fc40c50000 - 0x000007fc40ca0000 	C:\Windows\system32\SHLWAPI.dll
0x000007fc3ef40000 - 0x000007fc3efd6000 	C:\Windows\SYSTEM32\SHCORE.dll
0x000007fc405b0000 - 0x000007fc405c5000 	C:\Windows\SYSTEM32\profapi.dll
0x000007fc3a070000 - 0x000007fc3a1d3000 	C:\Windows\SYSTEM32\dbghelp.dll

VM Arguments:
jvm_args: -Djava.awt.headless=true -Xmx1024M -Dfile.encoding=windows-1252 -Duser.country=FR -Duser.language=fr -Duser.variant 
java_command: com.android.dx.command.Main --dex --force-jumbo --num-threads=4 --multi-dex --output C:\Users\Hassane\AndroidStudioProjects\LastTP\app\build\intermediates\transforms\dex\debug\folders\1000\10\com.android.support-recyclerview-v7-24.2.1_416151f4ef19bb1977e950dea68abee560220b39 C:\Users\Hassane\AndroidStudioProjects\LastTP\app\build\intermediates\exploded-aar\com.android.support\recyclerview-v7\24.2.1\jars\classes.jar
java_class_path (initial): C:\Users\Hassane\AppData\Local\Android\sdk\build-tools\24.0.3\lib\dx.jar
Launcher Type: SUN_STANDARD

Environment Variables:
PATH=C:\ProgramData\Oracle\Java\javapath;C:\Windows\system32;C:\Windows;C:\Windows\System32\Wbem;C:\Windows\System32\WindowsPowerShell\v1.0\;C:\xampp\php;C:\ProgramData\ComposerSetup\bin;C:\Gradle\gradle-5.4\bin;;C:\Users\Hassane\AppData\Local\Programs\Microsoft VS Code\bin;C:\Users\Hassane\AppData\Roaming\Composer\vendor\bin
USERNAME=Hassane
OS=Windows_NT
PROCESSOR_IDENTIFIER=Intel64 Family 6 Model 42 Stepping 7, GenuineIntel



---------------  S Y S T E M  ---------------

OS: Windows 8 , 64 bit Build 9200 (6.2.9200.16384)

CPU:total 2 (2 cores per cpu, 1 threads per core) family 6 model 42 stepping 7, cmov, cx8, fxsr, mmx, sse, sse2, sse3, ssse3, sse4.1, sse4.2, popcnt, clmul, tsc, tscinvbit

Memory: 4k page, physical 4042604k(457924k free), swap 8105836k(2622700k free)

vm_info: OpenJDK 64-Bit Server VM (25.76-b03) for windows-amd64 JRE (1.8.0_76-release-b03), built on Jun 29 2016 19:09:20 by "ralucas" with MS VC++ 10.0 (VS2010)

time: Wed Apr 24 19:37:35 2019
elapsed time: 11 seconds (0d 0h 0m 11s)

